WARNING 2024-02-07 18:13:50,935 log Not Found: /robots.txt
WARNING 2024-02-07 18:13:51,525 log Not Found: /airport-transfers-drummoyne/
WARNING 2024-02-07 18:27:52,196 log Not Found: /robots.txt
WARNING 2024-02-07 19:09:55,065 log Not Found: /robots.txt
WARNING 2024-02-07 19:12:06,899 log Not Found: /shop/checkout/
WARNING 2024-02-07 19:13:52,972 log Not Found: /shop/es/product-category/moncler-chalecos-hombre/
WARNING 2024-02-07 19:23:45,979 log Not Found: /.well-known/traffic-advice
DEBUG 2024-02-07 19:32:02,734 schema CREATE TABLE "django_migrations" ("id" bigint NOT NULL PRIMARY KEY GENERATED BY DEFAULT AS IDENTITY, "app" varchar(255) NOT NULL, "name" varchar(255) NOT NULL, "applied" timestamp with time zone NOT NULL); (params None)
DEBUG 2024-02-07 19:34:39,762 base Exception while resolving variable 'recaptcha_site_key' in template 'basecamp/inquiry1.html'.
Traceback (most recent call last):
  File "/home/horeb/github/easygo/venv/lib/python3.11/site-packages/django/template/base.py", line 880, in _resolve_lookup
    current = current[bit]
              ~~~~~~~^^^^^
  File "/home/horeb/github/easygo/venv/lib/python3.11/site-packages/django/template/context.py", line 83, in __getitem__
    raise KeyError(key)
KeyError: 'recaptcha_site_key'

During handling of the above exception, another exception occurred:

Traceback (most recent call last):
  File "/home/horeb/github/easygo/venv/lib/python3.11/site-packages/django/template/base.py", line 886, in _resolve_lookup
    if isinstance(current, BaseContext) and getattr(
                                            ^^^^^^^^
AttributeError: type object 'RequestContext' has no attribute 'recaptcha_site_key'

During handling of the above exception, another exception occurred:

Traceback (most recent call last):
  File "/home/horeb/github/easygo/venv/lib/python3.11/site-packages/django/template/base.py", line 896, in _resolve_lookup
    current = current[int(bit)]
                      ^^^^^^^^
ValueError: invalid literal for int() with base 10: 'recaptcha_site_key'

During handling of the above exception, another exception occurred:

Traceback (most recent call last):
  File "/home/horeb/github/easygo/venv/lib/python3.11/site-packages/django/template/base.py", line 903, in _resolve_lookup
    raise VariableDoesNotExist(
django.template.base.VariableDoesNotExist: Failed lookup for key [recaptcha_site_key] in [{'True': True, 'False': False, 'None': None}, {'csrf_token': <SimpleLazyObject: 'XatNTOtOqnA9kHXEgJcczRyAOlubnQKtNnRvOVpSj8yBXJbQv8PclhXY0stJFogD'>, 'request': <WSGIRequest: POST '/price_detail/'>, 'user': <SimpleLazyObject: <function AuthenticationMiddleware.process_request.<locals>.<lambda> at 0x7f58481109a0>>, 'perms': PermWrapper(<SimpleLazyObject: <function AuthenticationMiddleware.process_request.<locals>.<lambda> at 0x7f58481109a0>>), 'messages': <FallbackStorage: request=<WSGIRequest: POST '/price_detail/'>>, 'DEFAULT_MESSAGE_LEVELS': {'DEBUG': 10, 'INFO': 20, 'SUCCESS': 25, 'WARNING': 30, 'ERROR': 40}}, {}, {'flight_date': '2024-03-16', 'direction': 'Pickup from Domestic Airport', 'suburb': 'Neutral Bay', 'no_of_passenger': '2'}, {'block': <Block Node: content. Contents: [<TextNode: '\n      <!-- Page content-'>, <Variable Node: flight_date>, <TextNode: '</a><br>\n\t\t\t  <a style="f'>, <Variable Node: direction>, <TextNode: '</a><br>\n\t\t\t  <a style="f'>, <Variable Node: suburb>, <TextNode: '</a><br>\n\t\t\t  <a style="f'>, <Variable Node: no_of_passenger>, <TextNode: '</a> -->\n\t\t\t  <br><br>\n  '>, <django.template.defaulttags.CsrfTokenNode object at 0x7f5847e6eb90>, <TextNode: '\n\t\t\t\t<div class="mb3 pb-1'>, <Variable Node: direction>, <TextNode: '">'>, <Variable Node: direction>, <TextNode: '</option>\t\t\t\t\t\t          '>, <Variable Node: flight_date>, <TextNode: '" type="text" >\t\t\t\t  \n   '>, <IfNode>, <TextNode: '\n\t\t\t\t  <div class="mb-3 p'>, <Variable Node: suburb>, <TextNode: '</label>\t\t\t\t\t\n\t\t\t\t</div>\n'>, <Variable Node: suburb>, <TextNode: '">'>, <Variable Node: suburb>, <TextNode: '</option>\t\t\t\t\t\n\t\t\t\t  </se'>, <Variable Node: no_of_passenger>, <TextNode: '">'>, <Variable Node: no_of_passenger>, <TextNode: '</option>\t\t\t\t  \n         '>, <Variable Node: recaptcha_site_key>, <TextNode: '"></div>\n\t\t\t\t<div id="err'>]>}]
DEBUG 2024-02-07 19:35:22,811 schema CREATE TABLE "django_migrations" ("id" bigint NOT NULL PRIMARY KEY GENERATED BY DEFAULT AS IDENTITY, "app" varchar(255) NOT NULL, "name" varchar(255) NOT NULL, "applied" timestamp with time zone NOT NULL); (params None)
DEBUG 2024-02-07 19:37:11,506 schema CREATE TABLE "django_migrations" ("id" bigint NOT NULL PRIMARY KEY GENERATED BY DEFAULT AS IDENTITY, "app" varchar(255) NOT NULL, "name" varchar(255) NOT NULL, "applied" timestamp with time zone NOT NULL); (params None)
ERROR 2024-02-07 19:38:32,382 log Internal Server Error: /inquiry_details1/
Traceback (most recent call last):
  File "/home/horeb/github/easygo/venv/lib/python3.11/site-packages/django/db/backends/utils.py", line 89, in _execute
    return self.cursor.execute(sql, params)
           ^^^^^^^^^^^^^^^^^^^^^^^^^^^^^^^^
psycopg2.errors.UndefinedTable: relation "blog_inquiry" does not exist
LINE 1: SELECT 1 AS "a" FROM "blog_inquiry" WHERE "blog_inquiry"."em...
                             ^


The above exception was the direct cause of the following exception:

Traceback (most recent call last):
  File "/home/horeb/github/easygo/venv/lib/python3.11/site-packages/django/core/handlers/exception.py", line 55, in inner
    response = get_response(request)
               ^^^^^^^^^^^^^^^^^^^^^
  File "/home/horeb/github/easygo/venv/lib/python3.11/site-packages/django/core/handlers/base.py", line 197, in _get_response
    response = wrapped_callback(request, *callback_args, **callback_kwargs)
               ^^^^^^^^^^^^^^^^^^^^^^^^^^^^^^^^^^^^^^^^^^^^^^^^^^^^^^^^^^^^
  File "/home/horeb/github/easygo/basecamp/views.py", line 479, in inquiry_details1
    inquiry_email_exists = Inquiry.objects.filter(email=email).exists()
                           ^^^^^^^^^^^^^^^^^^^^^^^^^^^^^^^^^^^^^^^^^^^^
  File "/home/horeb/github/easygo/venv/lib/python3.11/site-packages/django/db/models/query.py", line 1241, in exists
    return self.query.has_results(using=self.db)
           ^^^^^^^^^^^^^^^^^^^^^^^^^^^^^^^^^^^^^
  File "/home/horeb/github/easygo/venv/lib/python3.11/site-packages/django/db/models/sql/query.py", line 598, in has_results
    return compiler.has_results()
           ^^^^^^^^^^^^^^^^^^^^^^
  File "/home/horeb/github/easygo/venv/lib/python3.11/site-packages/django/db/models/sql/compiler.py", line 1530, in has_results
    return bool(self.execute_sql(SINGLE))
                ^^^^^^^^^^^^^^^^^^^^^^^^
  File "/home/horeb/github/easygo/venv/lib/python3.11/site-packages/django/db/models/sql/compiler.py", line 1562, in execute_sql
    cursor.execute(sql, params)
  File "/home/horeb/github/easygo/venv/lib/python3.11/site-packages/django/db/backends/utils.py", line 67, in execute
    return self._execute_with_wrappers(
           ^^^^^^^^^^^^^^^^^^^^^^^^^^^^
  File "/home/horeb/github/easygo/venv/lib/python3.11/site-packages/django/db/backends/utils.py", line 80, in _execute_with_wrappers
    return executor(sql, params, many, context)
           ^^^^^^^^^^^^^^^^^^^^^^^^^^^^^^^^^^^^
  File "/home/horeb/github/easygo/venv/lib/python3.11/site-packages/django/db/backends/utils.py", line 84, in _execute
    with self.db.wrap_database_errors:
  File "/home/horeb/github/easygo/venv/lib/python3.11/site-packages/django/db/utils.py", line 91, in __exit__
    raise dj_exc_value.with_traceback(traceback) from exc_value
  File "/home/horeb/github/easygo/venv/lib/python3.11/site-packages/django/db/backends/utils.py", line 89, in _execute
    return self.cursor.execute(sql, params)
           ^^^^^^^^^^^^^^^^^^^^^^^^^^^^^^^^
django.db.utils.ProgrammingError: relation "blog_inquiry" does not exist
LINE 1: SELECT 1 AS "a" FROM "blog_inquiry" WHERE "blog_inquiry"."em...
                             ^

ERROR 2024-02-07 19:38:53,335 log Internal Server Error: /inquiry_details1/
Traceback (most recent call last):
  File "/home/horeb/github/easygo/venv/lib/python3.11/site-packages/django/db/backends/utils.py", line 89, in _execute
    return self.cursor.execute(sql, params)
           ^^^^^^^^^^^^^^^^^^^^^^^^^^^^^^^^
psycopg2.errors.UndefinedTable: relation "blog_inquiry" does not exist
LINE 1: SELECT 1 AS "a" FROM "blog_inquiry" WHERE "blog_inquiry"."em...
                             ^


The above exception was the direct cause of the following exception:

Traceback (most recent call last):
  File "/home/horeb/github/easygo/venv/lib/python3.11/site-packages/django/core/handlers/exception.py", line 55, in inner
    response = get_response(request)
               ^^^^^^^^^^^^^^^^^^^^^
  File "/home/horeb/github/easygo/venv/lib/python3.11/site-packages/django/core/handlers/base.py", line 197, in _get_response
    response = wrapped_callback(request, *callback_args, **callback_kwargs)
               ^^^^^^^^^^^^^^^^^^^^^^^^^^^^^^^^^^^^^^^^^^^^^^^^^^^^^^^^^^^^
  File "/home/horeb/github/easygo/basecamp/views.py", line 479, in inquiry_details1
    inquiry_email_exists = Inquiry.objects.filter(email=email).exists()
                           ^^^^^^^^^^^^^^^^^^^^^^^^^^^^^^^^^^^^^^^^^^^^
  File "/home/horeb/github/easygo/venv/lib/python3.11/site-packages/django/db/models/query.py", line 1241, in exists
    return self.query.has_results(using=self.db)
           ^^^^^^^^^^^^^^^^^^^^^^^^^^^^^^^^^^^^^
  File "/home/horeb/github/easygo/venv/lib/python3.11/site-packages/django/db/models/sql/query.py", line 598, in has_results
    return compiler.has_results()
           ^^^^^^^^^^^^^^^^^^^^^^
  File "/home/horeb/github/easygo/venv/lib/python3.11/site-packages/django/db/models/sql/compiler.py", line 1530, in has_results
    return bool(self.execute_sql(SINGLE))
                ^^^^^^^^^^^^^^^^^^^^^^^^
  File "/home/horeb/github/easygo/venv/lib/python3.11/site-packages/django/db/models/sql/compiler.py", line 1562, in execute_sql
    cursor.execute(sql, params)
  File "/home/horeb/github/easygo/venv/lib/python3.11/site-packages/django/db/backends/utils.py", line 67, in execute
    return self._execute_with_wrappers(
           ^^^^^^^^^^^^^^^^^^^^^^^^^^^^
  File "/home/horeb/github/easygo/venv/lib/python3.11/site-packages/django/db/backends/utils.py", line 80, in _execute_with_wrappers
    return executor(sql, params, many, context)
           ^^^^^^^^^^^^^^^^^^^^^^^^^^^^^^^^^^^^
  File "/home/horeb/github/easygo/venv/lib/python3.11/site-packages/django/db/backends/utils.py", line 84, in _execute
    with self.db.wrap_database_errors:
  File "/home/horeb/github/easygo/venv/lib/python3.11/site-packages/django/db/utils.py", line 91, in __exit__
    raise dj_exc_value.with_traceback(traceback) from exc_value
  File "/home/horeb/github/easygo/venv/lib/python3.11/site-packages/django/db/backends/utils.py", line 89, in _execute
    return self.cursor.execute(sql, params)
           ^^^^^^^^^^^^^^^^^^^^^^^^^^^^^^^^
django.db.utils.ProgrammingError: relation "blog_inquiry" does not exist
LINE 1: SELECT 1 AS "a" FROM "blog_inquiry" WHERE "blog_inquiry"."em...
                             ^

DEBUG 2024-02-07 19:39:47,918 schema CREATE TABLE "django_migrations" ("id" bigint NOT NULL PRIMARY KEY GENERATED BY DEFAULT AS IDENTITY, "app" varchar(255) NOT NULL, "name" varchar(255) NOT NULL, "applied" timestamp with time zone NOT NULL); (params None)
WARNING 2024-02-07 19:41:59,947 log Not Found: /inputs.php
DEBUG 2024-02-07 19:44:43,718 schema CREATE TABLE "django_migrations" ("id" bigint NOT NULL PRIMARY KEY GENERATED BY DEFAULT AS IDENTITY, "app" varchar(255) NOT NULL, "name" varchar(255) NOT NULL, "applied" timestamp with time zone NOT NULL); (params None)
ERROR 2024-02-07 19:46:41,542 log Internal Server Error: /inquiry_details/
Traceback (most recent call last):
  File "/home/horeb/github/easygo/venv/lib/python3.11/site-packages/django/db/backends/utils.py", line 89, in _execute
    return self.cursor.execute(sql, params)
           ^^^^^^^^^^^^^^^^^^^^^^^^^^^^^^^^
psycopg2.errors.UndefinedTable: relation "blog_inquiry" does not exist
LINE 1: SELECT 1 AS "a" FROM "blog_inquiry" WHERE "blog_inquiry"."em...
                             ^


The above exception was the direct cause of the following exception:

Traceback (most recent call last):
  File "/home/horeb/github/easygo/venv/lib/python3.11/site-packages/django/core/handlers/exception.py", line 55, in inner
    response = get_response(request)
               ^^^^^^^^^^^^^^^^^^^^^
  File "/home/horeb/github/easygo/venv/lib/python3.11/site-packages/django/core/handlers/base.py", line 197, in _get_response
    response = wrapped_callback(request, *callback_args, **callback_kwargs)
               ^^^^^^^^^^^^^^^^^^^^^^^^^^^^^^^^^^^^^^^^^^^^^^^^^^^^^^^^^^^^
  File "/home/horeb/github/easygo/basecamp/views.py", line 377, in inquiry_details
    inquiry_email_exists = Inquiry.objects.filter(email=email).exists()
                           ^^^^^^^^^^^^^^^^^^^^^^^^^^^^^^^^^^^^^^^^^^^^
  File "/home/horeb/github/easygo/venv/lib/python3.11/site-packages/django/db/models/query.py", line 1241, in exists
    return self.query.has_results(using=self.db)
           ^^^^^^^^^^^^^^^^^^^^^^^^^^^^^^^^^^^^^
  File "/home/horeb/github/easygo/venv/lib/python3.11/site-packages/django/db/models/sql/query.py", line 598, in has_results
    return compiler.has_results()
           ^^^^^^^^^^^^^^^^^^^^^^
  File "/home/horeb/github/easygo/venv/lib/python3.11/site-packages/django/db/models/sql/compiler.py", line 1530, in has_results
    return bool(self.execute_sql(SINGLE))
                ^^^^^^^^^^^^^^^^^^^^^^^^
  File "/home/horeb/github/easygo/venv/lib/python3.11/site-packages/django/db/models/sql/compiler.py", line 1562, in execute_sql
    cursor.execute(sql, params)
  File "/home/horeb/github/easygo/venv/lib/python3.11/site-packages/django/db/backends/utils.py", line 67, in execute
    return self._execute_with_wrappers(
           ^^^^^^^^^^^^^^^^^^^^^^^^^^^^
  File "/home/horeb/github/easygo/venv/lib/python3.11/site-packages/django/db/backends/utils.py", line 80, in _execute_with_wrappers
    return executor(sql, params, many, context)
           ^^^^^^^^^^^^^^^^^^^^^^^^^^^^^^^^^^^^
  File "/home/horeb/github/easygo/venv/lib/python3.11/site-packages/django/db/backends/utils.py", line 84, in _execute
    with self.db.wrap_database_errors:
  File "/home/horeb/github/easygo/venv/lib/python3.11/site-packages/django/db/utils.py", line 91, in __exit__
    raise dj_exc_value.with_traceback(traceback) from exc_value
  File "/home/horeb/github/easygo/venv/lib/python3.11/site-packages/django/db/backends/utils.py", line 89, in _execute
    return self.cursor.execute(sql, params)
           ^^^^^^^^^^^^^^^^^^^^^^^^^^^^^^^^
django.db.utils.ProgrammingError: relation "blog_inquiry" does not exist
LINE 1: SELECT 1 AS "a" FROM "blog_inquiry" WHERE "blog_inquiry"."em...
                             ^

ERROR 2024-02-07 19:46:58,750 log Internal Server Error: /flight_date_detail/
Traceback (most recent call last):
  File "/home/horeb/github/easygo/venv/lib/python3.11/site-packages/django/db/backends/utils.py", line 89, in _execute
    return self.cursor.execute(sql, params)
           ^^^^^^^^^^^^^^^^^^^^^^^^^^^^^^^^
psycopg2.errors.UndefinedTable: relation "blog_inquiry" does not exist
LINE 1: ...ry"."private_ride", "blog_inquiry"."created" FROM "blog_inqu...
                                                             ^


The above exception was the direct cause of the following exception:

Traceback (most recent call last):
  File "/home/horeb/github/easygo/venv/lib/python3.11/site-packages/django/core/handlers/exception.py", line 55, in inner
    response = get_response(request)
               ^^^^^^^^^^^^^^^^^^^^^
  File "/home/horeb/github/easygo/venv/lib/python3.11/site-packages/django/core/handlers/base.py", line 197, in _get_response
    response = wrapped_callback(request, *callback_args, **callback_kwargs)
               ^^^^^^^^^^^^^^^^^^^^^^^^^^^^^^^^^^^^^^^^^^^^^^^^^^^^^^^^^^^^
  File "/home/horeb/github/easygo/basecamp/views.py", line 1434, in flight_date_detail
    user = Inquiry.objects.filter(email=email).first()
          ^^^^^^^^^^^^^^^^^^^^^^^^^^^^^^^^^^^^^^^^^^^
  File "/home/horeb/github/easygo/venv/lib/python3.11/site-packages/django/db/models/query.py", line 1057, in first
    for obj in queryset[:1]:
  File "/home/horeb/github/easygo/venv/lib/python3.11/site-packages/django/db/models/query.py", line 398, in __iter__
    self._fetch_all()
  File "/home/horeb/github/easygo/venv/lib/python3.11/site-packages/django/db/models/query.py", line 1881, in _fetch_all
    self._result_cache = list(self._iterable_class(self))
                         ^^^^^^^^^^^^^^^^^^^^^^^^^^^^^^^^
  File "/home/horeb/github/easygo/venv/lib/python3.11/site-packages/django/db/models/query.py", line 91, in __iter__
    results = compiler.execute_sql(
              ^^^^^^^^^^^^^^^^^^^^^
  File "/home/horeb/github/easygo/venv/lib/python3.11/site-packages/django/db/models/sql/compiler.py", line 1562, in execute_sql
    cursor.execute(sql, params)
  File "/home/horeb/github/easygo/venv/lib/python3.11/site-packages/django/db/backends/utils.py", line 67, in execute
    return self._execute_with_wrappers(
           ^^^^^^^^^^^^^^^^^^^^^^^^^^^^
  File "/home/horeb/github/easygo/venv/lib/python3.11/site-packages/django/db/backends/utils.py", line 80, in _execute_with_wrappers
    return executor(sql, params, many, context)
           ^^^^^^^^^^^^^^^^^^^^^^^^^^^^^^^^^^^^
  File "/home/horeb/github/easygo/venv/lib/python3.11/site-packages/django/db/backends/utils.py", line 84, in _execute
    with self.db.wrap_database_errors:
  File "/home/horeb/github/easygo/venv/lib/python3.11/site-packages/django/db/utils.py", line 91, in __exit__
    raise dj_exc_value.with_traceback(traceback) from exc_value
  File "/home/horeb/github/easygo/venv/lib/python3.11/site-packages/django/db/backends/utils.py", line 89, in _execute
    return self.cursor.execute(sql, params)
           ^^^^^^^^^^^^^^^^^^^^^^^^^^^^^^^^
django.db.utils.ProgrammingError: relation "blog_inquiry" does not exist
LINE 1: ...ry"."private_ride", "blog_inquiry"."created" FROM "blog_inqu...
                                                             ^

DEBUG 2024-02-07 19:47:20,501 schema CREATE TABLE "django_migrations" ("id" bigint NOT NULL PRIMARY KEY GENERATED BY DEFAULT AS IDENTITY, "app" varchar(255) NOT NULL, "name" varchar(255) NOT NULL, "applied" timestamp with time zone NOT NULL); (params None)
WARNING 2024-02-07 20:34:44,793 log Not Found: /cf_scripts/scripts/ajax/ckeditor/ckeditor.js
WARNING 2024-02-07 20:36:45,960 log Not Found: /+CSCOE+/logon.html
WARNING 2024-02-07 20:36:50,036 log Not Found: /vpn/index.html
WARNING 2024-02-07 20:36:54,522 log Not Found: /global-protect/login.esp
WARNING 2024-02-07 20:36:58,259 log Not Found: /sslvpn_logon.shtml
WARNING 2024-02-07 20:41:07,578 log Not Found: /_profiler/phpinfo
WARNING 2024-02-07 20:52:59,322 log Not Found: /apple-touch-icon-120x120-precomposed.png
WARNING 2024-02-07 20:52:59,336 log Not Found: /apple-touch-icon-120x120.png
DEBUG 2024-02-07 21:04:53,091 base Exception while resolving variable 'recaptcha_site_key' in template 'basecamp/inquiry1.html'.
Traceback (most recent call last):
  File "/home/horeb/github/easygo/venv/lib/python3.11/site-packages/django/template/base.py", line 880, in _resolve_lookup
    current = current[bit]
              ~~~~~~~^^^^^
  File "/home/horeb/github/easygo/venv/lib/python3.11/site-packages/django/template/context.py", line 83, in __getitem__
    raise KeyError(key)
KeyError: 'recaptcha_site_key'

During handling of the above exception, another exception occurred:

Traceback (most recent call last):
  File "/home/horeb/github/easygo/venv/lib/python3.11/site-packages/django/template/base.py", line 886, in _resolve_lookup
    if isinstance(current, BaseContext) and getattr(
                                            ^^^^^^^^
AttributeError: type object 'RequestContext' has no attribute 'recaptcha_site_key'

During handling of the above exception, another exception occurred:

Traceback (most recent call last):
  File "/home/horeb/github/easygo/venv/lib/python3.11/site-packages/django/template/base.py", line 896, in _resolve_lookup
    current = current[int(bit)]
                      ^^^^^^^^
ValueError: invalid literal for int() with base 10: 'recaptcha_site_key'

During handling of the above exception, another exception occurred:

Traceback (most recent call last):
  File "/home/horeb/github/easygo/venv/lib/python3.11/site-packages/django/template/base.py", line 903, in _resolve_lookup
    raise VariableDoesNotExist(
django.template.base.VariableDoesNotExist: Failed lookup for key [recaptcha_site_key] in [{'True': True, 'False': False, 'None': None}, {'csrf_token': <SimpleLazyObject: 'Kqhn7He7BnfI9WdmysBJFRu0d3cHo8aCL7nh4Sa8Ir771UnXhMzRGCs00UDcfosa'>, 'request': <WSGIRequest: POST '/price_detail/'>, 'user': <SimpleLazyObject: <function AuthenticationMiddleware.process_request.<locals>.<lambda> at 0x7f2e22f158a0>>, 'perms': PermWrapper(<SimpleLazyObject: <function AuthenticationMiddleware.process_request.<locals>.<lambda> at 0x7f2e22f158a0>>), 'messages': <FallbackStorage: request=<WSGIRequest: POST '/price_detail/'>>, 'DEFAULT_MESSAGE_LEVELS': {'DEBUG': 10, 'INFO': 20, 'SUCCESS': 25, 'WARNING': 30, 'ERROR': 40}}, {}, {'flight_date': '2024-02-10', 'direction': 'Drop off to Intl Airport', 'suburb': 'Freshwater', 'no_of_passenger': '4'}, {'block': <Block Node: content. Contents: [<TextNode: '\n      <!-- Page content-'>, <Variable Node: flight_date>, <TextNode: '</a><br>\n\t\t\t  <a style="f'>, <Variable Node: direction>, <TextNode: '</a><br>\n\t\t\t  <a style="f'>, <Variable Node: suburb>, <TextNode: '</a><br>\n\t\t\t  <a style="f'>, <Variable Node: no_of_passenger>, <TextNode: '</a> -->\n\t\t\t  <br><br>\n  '>, <django.template.defaulttags.CsrfTokenNode object at 0x7f2e22deb410>, <TextNode: '\n\t\t\t\t<div class="mb3 pb-1'>, <Variable Node: direction>, <TextNode: '">'>, <Variable Node: direction>, <TextNode: '</option>\t\t\t\t\t\t          '>, <Variable Node: flight_date>, <TextNode: '" type="text" >\t\t\t\t  \n   '>, <IfNode>, <TextNode: '\n\t\t\t\t  <div class="mb-3 p'>, <Variable Node: suburb>, <TextNode: '</label>\t\t\t\t\t\n\t\t\t\t</div>\n'>, <Variable Node: suburb>, <TextNode: '">'>, <Variable Node: suburb>, <TextNode: '</option>\t\t\t\t\t\n\t\t\t\t  </se'>, <Variable Node: no_of_passenger>, <TextNode: '">'>, <Variable Node: no_of_passenger>, <TextNode: '</option>\t\t\t\t  \n         '>, <Variable Node: recaptcha_site_key>, <TextNode: '"></div>\n\t\t\t\t<div id="err'>]>}]
WARNING 2024-02-07 21:23:51,209 log Not Found: /context.json
WARNING 2024-02-07 21:23:51,248 log Forbidden (Referer checking failed - no Referer.): /
WARNING 2024-02-07 21:23:51,800 log Not Found: /_users/org.couchdb.user:poc
WARNING 2024-02-07 21:23:52,084 log Not Found: /login/
WARNING 2024-02-07 21:23:53,161 log Not Found: /integration/saveGangster.action
WARNING 2024-02-07 21:23:53,302 log Not Found: /user.action
WARNING 2024-02-07 21:23:53,347 log Not Found: /webtools/control/SOAPService
WARNING 2024-02-07 21:23:53,481 log Not Found: /webtools/control/SOAPService
WARNING 2024-02-07 21:23:55,147 log Not Found: /webtools/control/SOAPService
WARNING 2024-02-07 21:23:55,707 log Not Found: /dashboardUser
WARNING 2024-02-07 21:23:56,221 log Not Found: /api/experimental/latest_runs
WARNING 2024-02-07 21:23:56,326 log Forbidden (Referer checking failed - no Referer.): /
WARNING 2024-02-07 21:23:58,077 log Not Found: /assets/app/something/services/AppModule.class/
WARNING 2024-02-07 21:24:23,787 log Not Found: /solr/admin/cores
WARNING 2024-02-07 21:24:23,994 log Not Found: /solr/admin/cores
DEBUG 2024-02-07 21:34:30,619 base Exception while resolving variable 'recaptcha_site_key' in template 'basecamp/inquiry1.html'.
Traceback (most recent call last):
  File "/home/horeb/github/easygo/venv/lib/python3.11/site-packages/django/template/base.py", line 880, in _resolve_lookup
    current = current[bit]
              ~~~~~~~^^^^^
  File "/home/horeb/github/easygo/venv/lib/python3.11/site-packages/django/template/context.py", line 83, in __getitem__
    raise KeyError(key)
KeyError: 'recaptcha_site_key'

During handling of the above exception, another exception occurred:

Traceback (most recent call last):
  File "/home/horeb/github/easygo/venv/lib/python3.11/site-packages/django/template/base.py", line 886, in _resolve_lookup
    if isinstance(current, BaseContext) and getattr(
                                            ^^^^^^^^
AttributeError: type object 'RequestContext' has no attribute 'recaptcha_site_key'

During handling of the above exception, another exception occurred:

Traceback (most recent call last):
  File "/home/horeb/github/easygo/venv/lib/python3.11/site-packages/django/template/base.py", line 896, in _resolve_lookup
    current = current[int(bit)]
                      ^^^^^^^^
ValueError: invalid literal for int() with base 10: 'recaptcha_site_key'

During handling of the above exception, another exception occurred:

Traceback (most recent call last):
  File "/home/horeb/github/easygo/venv/lib/python3.11/site-packages/django/template/base.py", line 903, in _resolve_lookup
    raise VariableDoesNotExist(
django.template.base.VariableDoesNotExist: Failed lookup for key [recaptcha_site_key] in [{'True': True, 'False': False, 'None': None}, {'csrf_token': <SimpleLazyObject: 'ht5PYjdLHCJ2M45VFL9nDGX5dQbGh8RFwMQ1MU2hpN5hPLQKoMbgR7mtVzm6SnGa'>, 'request': <WSGIRequest: POST '/price_detail/'>, 'user': <SimpleLazyObject: <function AuthenticationMiddleware.process_request.<locals>.<lambda> at 0x7f2e22ec67a0>>, 'perms': PermWrapper(<SimpleLazyObject: <function AuthenticationMiddleware.process_request.<locals>.<lambda> at 0x7f2e22ec67a0>>), 'messages': <FallbackStorage: request=<WSGIRequest: POST '/price_detail/'>>, 'DEFAULT_MESSAGE_LEVELS': {'DEBUG': 10, 'INFO': 20, 'SUCCESS': 25, 'WARNING': 30, 'ERROR': 40}}, {}, {'flight_date': '2024-03-13', 'direction': 'Drop off to Domestic Airport', 'suburb': 'Sydney (city)', 'no_of_passenger': '1'}, {'block': <Block Node: content. Contents: [<TextNode: '\n      <!-- Page content-'>, <Variable Node: flight_date>, <TextNode: '</a><br>\n\t\t\t  <a style="f'>, <Variable Node: direction>, <TextNode: '</a><br>\n\t\t\t  <a style="f'>, <Variable Node: suburb>, <TextNode: '</a><br>\n\t\t\t  <a style="f'>, <Variable Node: no_of_passenger>, <TextNode: '</a> -->\n\t\t\t  <br><br>\n  '>, <django.template.defaulttags.CsrfTokenNode object at 0x7f2e228855d0>, <TextNode: '\n\t\t\t\t<div class="mb3 pb-1'>, <Variable Node: direction>, <TextNode: '">'>, <Variable Node: direction>, <TextNode: '</option>\t\t\t\t\t\t          '>, <Variable Node: flight_date>, <TextNode: '" type="text" >\t\t\t\t  \n   '>, <IfNode>, <TextNode: '\n\t\t\t\t  <div class="mb-3 p'>, <Variable Node: suburb>, <TextNode: '</label>\t\t\t\t\t\n\t\t\t\t</div>\n'>, <Variable Node: suburb>, <TextNode: '">'>, <Variable Node: suburb>, <TextNode: '</option>\t\t\t\t\t\n\t\t\t\t  </se'>, <Variable Node: no_of_passenger>, <TextNode: '">'>, <Variable Node: no_of_passenger>, <TextNode: '</option>\t\t\t\t  \n         '>, <Variable Node: recaptcha_site_key>, <TextNode: '"></div>\n\t\t\t\t<div id="err'>]>}]
WARNING 2024-02-07 21:36:50,067 log Not Found: /wp-content/uploads/2014/10/personal1.jpg
WARNING 2024-02-07 21:48:08,625 log Not Found: /wp-content/uploads/2014/10/iphone-think.jpg
WARNING 2024-02-07 21:56:20,962 log Not Found: /jars/upload
WARNING 2024-02-07 21:56:21,061 log Forbidden (CSRF cookie not set.): /
WARNING 2024-02-07 21:56:21,114 log Not Found: /webtools/control/main
WARNING 2024-02-07 21:56:21,556 log Not Found: /nifi-api/process-groups/root
WARNING 2024-02-07 22:01:21,814 log Not Found: /wordpress
WARNING 2024-02-07 22:01:25,989 log Not Found: /wp
WARNING 2024-02-07 22:01:27,473 log Not Found: /bc
WARNING 2024-02-07 22:01:28,844 log Not Found: /bk
WARNING 2024-02-07 22:01:29,974 log Not Found: /backup
WARNING 2024-02-07 22:01:31,567 log Not Found: /old
WARNING 2024-02-07 22:01:32,810 log Not Found: /new
WARNING 2024-02-07 22:01:34,094 log Not Found: /main
WARNING 2024-02-07 22:09:58,749 log Not Found: /wp-content/plugins/wp-gdpr-compliance/Assets/js/front.min.js.LICENSE.txt
WARNING 2024-02-07 22:10:22,272 log Forbidden (Referer checking failed - no Referer.): /
WARNING 2024-02-07 22:12:08,220 log Not Found: /solr/gettingstarted_shard1_replica_n1/config
WARNING 2024-02-07 22:12:08,652 log Not Found: /solr/gettingstarted_shard2_replica_n1/debug/dump
WARNING 2024-02-07 22:15:56,725 log Not Found: /solr/admin/cores
WARNING 2024-02-07 22:15:56,730 log Not Found: /solr/admin/collections
WARNING 2024-02-07 22:18:16,181 log Not Found: /robots.txt
WARNING 2024-02-07 22:18:17,188 log Not Found: /机场接送-悉尼/
DEBUG 2024-02-07 22:23:43,063 schema CREATE TABLE "django_migrations" ("id" bigint NOT NULL PRIMARY KEY GENERATED BY DEFAULT AS IDENTITY, "app" varchar(255) NOT NULL, "name" varchar(255) NOT NULL, "applied" timestamp with time zone NOT NULL); (params None)
DEBUG 2024-02-07 22:23:43,100 schema CREATE TABLE "django_content_type" ("id" integer NOT NULL PRIMARY KEY GENERATED BY DEFAULT AS IDENTITY, "name" varchar(100) NOT NULL, "app_label" varchar(100) NOT NULL, "model" varchar(100) NOT NULL); (params None)
DEBUG 2024-02-07 22:23:43,115 schema ALTER TABLE "django_content_type" ADD CONSTRAINT "django_content_type_app_label_model_76bd3d3b_uniq" UNIQUE ("app_label", "model"); (params None)
DEBUG 2024-02-07 22:23:43,120 schema CREATE TABLE "auth_permission" ("id" integer NOT NULL PRIMARY KEY GENERATED BY DEFAULT AS IDENTITY, "name" varchar(50) NOT NULL, "content_type_id" integer NOT NULL, "codename" varchar(100) NOT NULL); (params None)
DEBUG 2024-02-07 22:23:43,124 schema CREATE TABLE "auth_group" ("id" integer NOT NULL PRIMARY KEY GENERATED BY DEFAULT AS IDENTITY, "name" varchar(80) NOT NULL UNIQUE); (params None)
DEBUG 2024-02-07 22:23:43,126 schema CREATE TABLE "auth_group_permissions" ("id" bigint NOT NULL PRIMARY KEY GENERATED BY DEFAULT AS IDENTITY, "group_id" integer NOT NULL, "permission_id" integer NOT NULL); (params None)
DEBUG 2024-02-07 22:23:43,131 schema CREATE TABLE "auth_user" ("id" integer NOT NULL PRIMARY KEY GENERATED BY DEFAULT AS IDENTITY, "password" varchar(128) NOT NULL, "last_login" timestamp with time zone NOT NULL, "is_superuser" boolean NOT NULL, "username" varchar(30) NOT NULL UNIQUE, "first_name" varchar(30) NOT NULL, "last_name" varchar(30) NOT NULL, "email" varchar(75) NOT NULL, "is_staff" boolean NOT NULL, "is_active" boolean NOT NULL, "date_joined" timestamp with time zone NOT NULL); (params None)
DEBUG 2024-02-07 22:23:43,133 schema CREATE TABLE "auth_user_groups" ("id" bigint NOT NULL PRIMARY KEY GENERATED BY DEFAULT AS IDENTITY, "user_id" integer NOT NULL, "group_id" integer NOT NULL); (params None)
DEBUG 2024-02-07 22:23:43,135 schema CREATE TABLE "auth_user_user_permissions" ("id" bigint NOT NULL PRIMARY KEY GENERATED BY DEFAULT AS IDENTITY, "user_id" integer NOT NULL, "permission_id" integer NOT NULL); (params None)
DEBUG 2024-02-07 22:23:43,136 schema ALTER TABLE "auth_permission" ADD CONSTRAINT "auth_permission_content_type_id_codename_01ab375a_uniq" UNIQUE ("content_type_id", "codename"); (params None)
DEBUG 2024-02-07 22:23:43,137 schema ALTER TABLE "auth_permission" ADD CONSTRAINT "auth_permission_content_type_id_2f476e4b_fk_django_co" FOREIGN KEY ("content_type_id") REFERENCES "django_content_type" ("id") DEFERRABLE INITIALLY DEFERRED; (params None)
DEBUG 2024-02-07 22:23:43,140 schema CREATE INDEX "auth_permission_content_type_id_2f476e4b" ON "auth_permission" ("content_type_id"); (params None)
DEBUG 2024-02-07 22:23:43,141 schema CREATE INDEX "auth_group_name_a6ea08ec_like" ON "auth_group" ("name" varchar_pattern_ops); (params None)
DEBUG 2024-02-07 22:23:43,143 schema ALTER TABLE "auth_group_permissions" ADD CONSTRAINT "auth_group_permissions_group_id_permission_id_0cd325b0_uniq" UNIQUE ("group_id", "permission_id"); (params None)
DEBUG 2024-02-07 22:23:43,144 schema ALTER TABLE "auth_group_permissions" ADD CONSTRAINT "auth_group_permissions_group_id_b120cbf9_fk_auth_group_id" FOREIGN KEY ("group_id") REFERENCES "auth_group" ("id") DEFERRABLE INITIALLY DEFERRED; (params None)
DEBUG 2024-02-07 22:23:43,144 schema ALTER TABLE "auth_group_permissions" ADD CONSTRAINT "auth_group_permissio_permission_id_84c5c92e_fk_auth_perm" FOREIGN KEY ("permission_id") REFERENCES "auth_permission" ("id") DEFERRABLE INITIALLY DEFERRED; (params None)
DEBUG 2024-02-07 22:23:43,145 schema CREATE INDEX "auth_group_permissions_group_id_b120cbf9" ON "auth_group_permissions" ("group_id"); (params None)
DEBUG 2024-02-07 22:23:43,146 schema CREATE INDEX "auth_group_permissions_permission_id_84c5c92e" ON "auth_group_permissions" ("permission_id"); (params None)
DEBUG 2024-02-07 22:23:43,147 schema CREATE INDEX "auth_user_username_6821ab7c_like" ON "auth_user" ("username" varchar_pattern_ops); (params None)
DEBUG 2024-02-07 22:23:43,148 schema ALTER TABLE "auth_user_groups" ADD CONSTRAINT "auth_user_groups_user_id_group_id_94350c0c_uniq" UNIQUE ("user_id", "group_id"); (params None)
DEBUG 2024-02-07 22:23:43,149 schema ALTER TABLE "auth_user_groups" ADD CONSTRAINT "auth_user_groups_user_id_6a12ed8b_fk_auth_user_id" FOREIGN KEY ("user_id") REFERENCES "auth_user" ("id") DEFERRABLE INITIALLY DEFERRED; (params None)
DEBUG 2024-02-07 22:23:43,150 schema ALTER TABLE "auth_user_groups" ADD CONSTRAINT "auth_user_groups_group_id_97559544_fk_auth_group_id" FOREIGN KEY ("group_id") REFERENCES "auth_group" ("id") DEFERRABLE INITIALLY DEFERRED; (params None)
DEBUG 2024-02-07 22:23:43,150 schema CREATE INDEX "auth_user_groups_user_id_6a12ed8b" ON "auth_user_groups" ("user_id"); (params None)
DEBUG 2024-02-07 22:23:43,151 schema CREATE INDEX "auth_user_groups_group_id_97559544" ON "auth_user_groups" ("group_id"); (params None)
DEBUG 2024-02-07 22:23:43,152 schema ALTER TABLE "auth_user_user_permissions" ADD CONSTRAINT "auth_user_user_permissions_user_id_permission_id_14a6b632_uniq" UNIQUE ("user_id", "permission_id"); (params None)
DEBUG 2024-02-07 22:23:43,153 schema ALTER TABLE "auth_user_user_permissions" ADD CONSTRAINT "auth_user_user_permissions_user_id_a95ead1b_fk_auth_user_id" FOREIGN KEY ("user_id") REFERENCES "auth_user" ("id") DEFERRABLE INITIALLY DEFERRED; (params None)
DEBUG 2024-02-07 22:23:43,154 schema ALTER TABLE "auth_user_user_permissions" ADD CONSTRAINT "auth_user_user_permi_permission_id_1fbb5f2c_fk_auth_perm" FOREIGN KEY ("permission_id") REFERENCES "auth_permission" ("id") DEFERRABLE INITIALLY DEFERRED; (params None)
DEBUG 2024-02-07 22:23:43,154 schema CREATE INDEX "auth_user_user_permissions_user_id_a95ead1b" ON "auth_user_user_permissions" ("user_id"); (params None)
DEBUG 2024-02-07 22:23:43,155 schema CREATE INDEX "auth_user_user_permissions_permission_id_1fbb5f2c" ON "auth_user_user_permissions" ("permission_id"); (params None)
DEBUG 2024-02-07 22:23:43,190 schema CREATE TABLE "account_emailaddress" ("id" integer NOT NULL PRIMARY KEY GENERATED BY DEFAULT AS IDENTITY, "email" varchar(75) NOT NULL UNIQUE, "verified" boolean NOT NULL, "primary" boolean NOT NULL, "user_id" integer NOT NULL); (params None)
DEBUG 2024-02-07 22:23:43,198 schema CREATE TABLE "account_emailconfirmation" ("id" integer NOT NULL PRIMARY KEY GENERATED BY DEFAULT AS IDENTITY, "created" timestamp with time zone NOT NULL, "sent" timestamp with time zone NULL, "key" varchar(64) NOT NULL UNIQUE, "email_address_id" integer NOT NULL); (params None)
DEBUG 2024-02-07 22:23:43,201 schema ALTER TABLE "account_emailaddress" ADD CONSTRAINT "account_emailaddress_user_id_2c513194_fk_auth_user_id" FOREIGN KEY ("user_id") REFERENCES "auth_user" ("id") DEFERRABLE INITIALLY DEFERRED; (params None)
DEBUG 2024-02-07 22:23:43,202 schema CREATE INDEX "account_emailaddress_email_03be32b2_like" ON "account_emailaddress" ("email" varchar_pattern_ops); (params None)
DEBUG 2024-02-07 22:23:43,203 schema CREATE INDEX "account_emailaddress_user_id_2c513194" ON "account_emailaddress" ("user_id"); (params None)
DEBUG 2024-02-07 22:23:43,204 schema ALTER TABLE "account_emailconfirmation" ADD CONSTRAINT "account_emailconfirm_email_address_id_5b7f8c58_fk_account_e" FOREIGN KEY ("email_address_id") REFERENCES "account_emailaddress" ("id") DEFERRABLE INITIALLY DEFERRED; (params None)
DEBUG 2024-02-07 22:23:43,205 schema CREATE INDEX "account_emailconfirmation_key_f43612bd_like" ON "account_emailconfirmation" ("key" varchar_pattern_ops); (params None)
DEBUG 2024-02-07 22:23:43,206 schema CREATE INDEX "account_emailconfirmation_email_address_id_5b7f8c58" ON "account_emailconfirmation" ("email_address_id"); (params None)
DEBUG 2024-02-07 22:23:43,214 schema ALTER TABLE "account_emailaddress" ALTER COLUMN "email" TYPE varchar(254); (params None)
DEBUG 2024-02-07 22:23:43,222 schema ALTER TABLE "account_emailaddress" ADD CONSTRAINT "account_emailaddress_user_id_email_987c8728_uniq" UNIQUE ("user_id", "email"); (params None)
DEBUG 2024-02-07 22:23:43,227 schema CREATE UNIQUE INDEX "unique_verified_email" ON "account_emailaddress" ("email") WHERE "verified"; (params None)
DEBUG 2024-02-07 22:23:43,242 schema ALTER TABLE "account_emailaddress" DROP CONSTRAINT "account_emailaddress_email_key"; (params None)
DEBUG 2024-02-07 22:23:43,242 schema DROP INDEX IF EXISTS "account_emailaddress_email_03be32b2_like"; (params None)
DEBUG 2024-02-07 22:23:43,248 schema CREATE INDEX "account_emailaddress_upper" ON "account_emailaddress" ((UPPER("email"))); (params None)
DEBUG 2024-02-07 22:23:43,257 schema CREATE TABLE "django_admin_log" ("id" integer NOT NULL PRIMARY KEY GENERATED BY DEFAULT AS IDENTITY, "action_time" timestamp with time zone NOT NULL, "object_id" text NULL, "object_repr" varchar(200) NOT NULL, "action_flag" smallint NOT NULL CHECK ("action_flag" >= 0), "change_message" text NOT NULL, "content_type_id" integer NULL, "user_id" integer NOT NULL); (params None)
DEBUG 2024-02-07 22:23:43,260 schema ALTER TABLE "django_admin_log" ADD CONSTRAINT "django_admin_log_content_type_id_c4bce8eb_fk_django_co" FOREIGN KEY ("content_type_id") REFERENCES "django_content_type" ("id") DEFERRABLE INITIALLY DEFERRED; (params None)
DEBUG 2024-02-07 22:23:43,261 schema ALTER TABLE "django_admin_log" ADD CONSTRAINT "django_admin_log_user_id_c564eba6_fk_auth_user_id" FOREIGN KEY ("user_id") REFERENCES "auth_user" ("id") DEFERRABLE INITIALLY DEFERRED; (params None)
DEBUG 2024-02-07 22:23:43,261 schema CREATE INDEX "django_admin_log_content_type_id_c4bce8eb" ON "django_admin_log" ("content_type_id"); (params None)
DEBUG 2024-02-07 22:23:43,262 schema CREATE INDEX "django_admin_log_user_id_c564eba6" ON "django_admin_log" ("user_id"); (params None)
DEBUG 2024-02-07 22:23:43,277 schema CREATE TABLE "admin_honeypot_loginattempt" ("id" integer NOT NULL PRIMARY KEY GENERATED BY DEFAULT AS IDENTITY, "username" varchar(255) NULL, "ip_address" inet NULL, "session_key" varchar(50) NULL, "user_agent" text NULL, "timestamp" timestamp with time zone NOT NULL, "path" text NULL); (params None)
DEBUG 2024-02-07 22:23:43,286 schema ALTER TABLE "admin_honeypot_loginattempt" ALTER COLUMN "id" TYPE bigint USING "id"::bigint; (params None)
DEBUG 2024-02-07 22:23:43,289 schema ALTER SEQUENCE IF EXISTS "admin_honeypot_loginattempt_id_seq" AS bigint; (params None)
DEBUG 2024-02-07 22:23:43,294 schema ALTER TABLE "django_content_type" ALTER COLUMN "name" DROP NOT NULL; (params None)
DEBUG 2024-02-07 22:23:43,302 schema ALTER TABLE "django_content_type" DROP COLUMN "name" CASCADE; (params None)
DEBUG 2024-02-07 22:23:43,309 schema ALTER TABLE "auth_permission" ALTER COLUMN "name" TYPE varchar(255); (params None)
DEBUG 2024-02-07 22:23:43,316 schema ALTER TABLE "auth_user" ALTER COLUMN "email" TYPE varchar(254); (params None)
DEBUG 2024-02-07 22:23:43,329 schema ALTER TABLE "auth_user" ALTER COLUMN "last_login" DROP NOT NULL; (params None)
DEBUG 2024-02-07 22:23:43,344 schema ALTER TABLE "auth_user" ALTER COLUMN "username" TYPE varchar(150); (params None)
DEBUG 2024-02-07 22:23:43,352 schema ALTER TABLE "auth_user" ALTER COLUMN "last_name" TYPE varchar(150); (params None)
DEBUG 2024-02-07 22:23:43,359 schema ALTER TABLE "auth_group" ALTER COLUMN "name" TYPE varchar(150); (params None)
DEBUG 2024-02-07 22:23:43,372 schema ALTER TABLE "auth_user" ALTER COLUMN "first_name" TYPE varchar(150); (params None)
DEBUG 2024-02-07 22:23:43,375 schema CREATE TABLE "basecamp_inquiry_point" ("id" bigint NOT NULL PRIMARY KEY GENERATED BY DEFAULT AS IDENTITY, "name" varchar(100) NOT NULL, "company_name" varchar(100) NOT NULL, "contact" varchar(50) NOT NULL, "email" varchar(254) NOT NULL, "email1" varchar(254) NOT NULL, "flight_date" date NOT NULL, "flight_number" varchar(100) NOT NULL, "flight_time" varchar(60) NULL, "pickup_time" varchar(30) NOT NULL, "direction" varchar(100) NOT NULL, "suburb" varchar(100) NOT NULL, "street" varchar(200) NOT NULL, "no_of_passenger" varchar(30) NOT NULL, "no_of_baggage" varchar(200) NOT NULL, "return_direction" varchar(100) NULL, "return_flight_date" date NULL, "return_flight_number" varchar(100) NULL, "return_flight_time" varchar(30) NULL, "return_pickup_time" varchar(30) NULL, "message" text NOT NULL, "notice" text NOT NULL, "price" varchar(30) NOT NULL, "paid" varchar(30) NOT NULL, "driver" varchar(100) NULL, "is_confirmed" boolean NOT NULL, "cancelled" boolean NOT NULL, "private_ride" boolean NOT NULL, "created" timestamp with time zone NOT NULL); (params None)
DEBUG 2024-02-07 22:23:43,380 schema CREATE TABLE "blog_driver" ("id" bigint NOT NULL PRIMARY KEY GENERATED BY DEFAULT AS IDENTITY, "driver_name" varchar(100) NOT NULL, "driver_contact" varchar(50) NOT NULL, "driver_email" varchar(254) NOT NULL, "driver_address" varchar(200) NOT NULL, "driver_plate" varchar(30) NOT NULL, "driver_car" varchar(30) NOT NULL, "driver_bankdetails" text NOT NULL); (params None)
DEBUG 2024-02-07 22:23:43,383 schema CREATE TABLE "blog_payment" ("id" bigint NOT NULL PRIMARY KEY GENERATED BY DEFAULT AS IDENTITY, "item_name" varchar(100) NOT NULL, "payer_email" varchar(254) NOT NULL, "gross_amount" varchar(30) NOT NULL, "txn_id" varchar(30) NOT NULL, "created" timestamp with time zone NOT NULL); (params None)
DEBUG 2024-02-07 22:23:43,387 schema CREATE TABLE "blog_post" ("id" bigint NOT NULL PRIMARY KEY GENERATED BY DEFAULT AS IDENTITY, "name" varchar(100) NOT NULL, "company_name" varchar(100) NOT NULL, "contact" varchar(50) NOT NULL, "email" varchar(254) NOT NULL, "email1" varchar(254) NOT NULL, "flight_date" date NOT NULL, "flight_number" varchar(100) NOT NULL, "flight_time" varchar(30) NOT NULL, "pickup_time" varchar(30) NOT NULL, "direction" varchar(100) NOT NULL, "suburb" varchar(100) NOT NULL, "street" varchar(200) NOT NULL, "no_of_passenger" varchar(30) NOT NULL, "no_of_baggage" varchar(200) NOT NULL, "return_direction" varchar(100) NULL, "return_flight_date" date NULL, "return_flight_number" varchar(100) NULL, "return_flight_time" varchar(30) NULL, "return_pickup_time" varchar(30) NULL, "message" text NOT NULL, "notice" text NOT NULL, "price" varchar(30) NOT NULL, "paid" varchar(30) NOT NULL, "meeting_point" varchar(100) NULL, "is_confirmed" boolean NOT NULL, "cancelled" boolean NOT NULL, "private_ride" boolean NOT NULL, "reminder" boolean NOT NULL, "calendar_event_id" varchar(255) NULL, "created" timestamp with time zone NOT NULL, "driver_id" bigint NULL); (params None)
DEBUG 2024-02-07 22:23:43,393 schema CREATE TABLE "blog_inquiry" ("id" bigint NOT NULL PRIMARY KEY GENERATED BY DEFAULT AS IDENTITY, "name" varchar(100) NOT NULL, "company_name" varchar(100) NOT NULL, "contact" varchar(50) NOT NULL, "email" varchar(254) NOT NULL, "email1" varchar(254) NOT NULL, "flight_date" date NOT NULL, "flight_number" varchar(100) NOT NULL, "flight_time" varchar(30) NOT NULL, "pickup_time" varchar(30) NOT NULL, "direction" varchar(100) NOT NULL, "suburb" varchar(100) NOT NULL, "street" varchar(200) NOT NULL, "no_of_passenger" varchar(30) NOT NULL, "no_of_baggage" varchar(200) NOT NULL, "return_direction" varchar(100) NULL, "return_flight_date" date NULL, "return_flight_number" varchar(100) NULL, "return_flight_time" varchar(30) NULL, "return_pickup_time" varchar(30) NULL, "message" text NOT NULL, "notice" text NOT NULL, "price" varchar(30) NOT NULL, "paid" varchar(30) NOT NULL, "meeting_point" varchar(100) NULL, "is_confirmed" boolean NOT NULL, "cancelled" boolean NOT NULL, "private_ride" boolean NOT NULL, "created" timestamp with time zone NOT NULL, "driver_id" bigint NULL); (params None)
DEBUG 2024-02-07 22:23:43,396 schema ALTER TABLE "blog_post" ADD CONSTRAINT "blog_post_driver_id_5941734f_fk_blog_driver_id" FOREIGN KEY ("driver_id") REFERENCES "blog_driver" ("id") DEFERRABLE INITIALLY DEFERRED; (params None)
DEBUG 2024-02-07 22:23:43,397 schema CREATE INDEX "blog_post_email_6ca5b4e5" ON "blog_post" ("email"); (params None)
DEBUG 2024-02-07 22:23:43,398 schema CREATE INDEX "blog_post_email_6ca5b4e5_like" ON "blog_post" ("email" varchar_pattern_ops); (params None)
DEBUG 2024-02-07 22:23:43,399 schema CREATE INDEX "blog_post_driver_id_5941734f" ON "blog_post" ("driver_id"); (params None)
DEBUG 2024-02-07 22:23:43,400 schema ALTER TABLE "blog_inquiry" ADD CONSTRAINT "blog_inquiry_driver_id_2afe2222_fk_blog_driver_id" FOREIGN KEY ("driver_id") REFERENCES "blog_driver" ("id") DEFERRABLE INITIALLY DEFERRED; (params None)
DEBUG 2024-02-07 22:23:43,401 schema CREATE INDEX "blog_inquiry_email_66d7f507" ON "blog_inquiry" ("email"); (params None)
DEBUG 2024-02-07 22:23:43,402 schema CREATE INDEX "blog_inquiry_email_66d7f507_like" ON "blog_inquiry" ("email" varchar_pattern_ops); (params None)
DEBUG 2024-02-07 22:23:43,403 schema CREATE INDEX "blog_inquiry_driver_id_2afe2222" ON "blog_inquiry" ("driver_id"); (params None)
DEBUG 2024-02-07 22:23:43,411 schema ALTER TABLE "blog_post" ADD COLUMN "sent_email" boolean DEFAULT false NOT NULL; (params None)
DEBUG 2024-02-07 22:23:43,412 schema ALTER TABLE "blog_post" ALTER COLUMN "sent_email" DROP DEFAULT; (params None)
DEBUG 2024-02-07 22:23:43,418 schema ALTER TABLE "blog_inquiry" ADD COLUMN "sent_email" boolean DEFAULT false NOT NULL; (params None)
DEBUG 2024-02-07 22:23:43,418 schema ALTER TABLE "blog_inquiry" ALTER COLUMN "sent_email" DROP DEFAULT; (params None)
DEBUG 2024-02-07 22:23:43,423 schema ALTER TABLE "blog_inquiry" DROP COLUMN "sent_email" CASCADE; (params None)
DEBUG 2024-02-07 22:23:43,428 schema ALTER TABLE "blog_inquiry" ALTER COLUMN "pickup_time" DROP NOT NULL; (params None)
DEBUG 2024-02-07 22:23:43,431 schema ALTER TABLE "blog_post" ALTER COLUMN "pickup_time" DROP NOT NULL; (params None)
DEBUG 2024-02-07 22:23:43,437 schema ALTER TABLE "blog_driver" ALTER COLUMN "driver_address" DROP NOT NULL; (params None)
DEBUG 2024-02-07 22:23:43,440 schema ALTER TABLE "blog_driver" ALTER COLUMN "driver_bankdetails" DROP NOT NULL; (params None)
DEBUG 2024-02-07 22:23:43,443 schema ALTER TABLE "blog_driver" ALTER COLUMN "driver_car" DROP NOT NULL; (params None)
DEBUG 2024-02-07 22:23:43,446 schema ALTER TABLE "blog_driver" ALTER COLUMN "driver_contact" DROP NOT NULL; (params None)
DEBUG 2024-02-07 22:23:43,449 schema ALTER TABLE "blog_driver" ALTER COLUMN "driver_email" DROP NOT NULL; (params None)
DEBUG 2024-02-07 22:23:43,452 schema ALTER TABLE "blog_driver" ALTER COLUMN "driver_name" DROP NOT NULL; (params None)
DEBUG 2024-02-07 22:23:43,454 schema ALTER TABLE "blog_driver" ALTER COLUMN "driver_plate" DROP NOT NULL; (params None)
DEBUG 2024-02-07 22:23:43,457 schema ALTER TABLE "blog_inquiry" ALTER COLUMN "company_name" DROP NOT NULL; (params None)
DEBUG 2024-02-07 22:23:43,461 schema ALTER TABLE "blog_inquiry" ALTER COLUMN "email1" DROP NOT NULL; (params None)
DEBUG 2024-02-07 22:23:43,464 schema ALTER TABLE "blog_inquiry" ALTER COLUMN "message" DROP NOT NULL; (params None)
DEBUG 2024-02-07 22:23:43,467 schema ALTER TABLE "blog_inquiry" ALTER COLUMN "no_of_baggage" DROP NOT NULL; (params None)
DEBUG 2024-02-07 22:23:43,470 schema ALTER TABLE "blog_inquiry" ALTER COLUMN "notice" TYPE varchar(255) USING "notice"::varchar(255), ALTER COLUMN "notice" DROP NOT NULL; (params None)
DEBUG 2024-02-07 22:23:43,479 schema ALTER TABLE "blog_inquiry" ALTER COLUMN "paid" DROP NOT NULL; (params None)
DEBUG 2024-02-07 22:23:43,482 schema ALTER TABLE "blog_inquiry" ALTER COLUMN "price" DROP NOT NULL; (params None)
DEBUG 2024-02-07 22:23:43,483 schema ALTER TABLE "blog_payment" ALTER COLUMN "gross_amount" DROP NOT NULL; (params None)
DEBUG 2024-02-07 22:23:43,484 schema ALTER TABLE "blog_payment" ALTER COLUMN "item_name" DROP NOT NULL; (params None)
DEBUG 2024-02-07 22:23:43,485 schema ALTER TABLE "blog_payment" ALTER COLUMN "payer_email" DROP NOT NULL; (params None)
DEBUG 2024-02-07 22:23:43,487 schema ALTER TABLE "blog_payment" ALTER COLUMN "txn_id" DROP NOT NULL; (params None)
DEBUG 2024-02-07 22:23:43,490 schema ALTER TABLE "blog_post" ALTER COLUMN "company_name" DROP NOT NULL; (params None)
DEBUG 2024-02-07 22:23:43,493 schema ALTER TABLE "blog_post" ALTER COLUMN "message" DROP NOT NULL; (params None)
DEBUG 2024-02-07 22:23:43,497 schema ALTER TABLE "blog_post" ALTER COLUMN "no_of_baggage" DROP NOT NULL; (params None)
DEBUG 2024-02-07 22:23:43,500 schema ALTER TABLE "blog_post" ALTER COLUMN "notice" TYPE varchar(255) USING "notice"::varchar(255), ALTER COLUMN "notice" DROP NOT NULL; (params None)
DEBUG 2024-02-07 22:23:43,515 schema ALTER TABLE "blog_post" ALTER COLUMN "paid" DROP NOT NULL; (params None)
DEBUG 2024-02-07 22:23:43,518 schema ALTER TABLE "blog_post" ALTER COLUMN "price" DROP NOT NULL; (params None)
DEBUG 2024-02-07 22:23:43,525 schema ALTER TABLE "blog_inquiry" ALTER COLUMN "direction" DROP NOT NULL; (params None)
DEBUG 2024-02-07 22:23:43,528 schema ALTER TABLE "blog_post" ALTER COLUMN "direction" DROP NOT NULL; (params None)
DEBUG 2024-02-07 22:23:43,533 schema ALTER TABLE "blog_inquiry" ALTER COLUMN "price" TYPE varchar(90); (params None)
DEBUG 2024-02-07 22:23:43,536 schema ALTER TABLE "blog_post" ALTER COLUMN "price" TYPE varchar(90); (params None)
DEBUG 2024-02-07 22:23:43,541 schema ALTER TABLE "blog_post" ALTER COLUMN "email1" DROP NOT NULL; (params None)
DEBUG 2024-02-07 22:23:43,547 schema ALTER TABLE "blog_inquiry" ALTER COLUMN "direction" SET NOT NULL; (params None)
DEBUG 2024-02-07 22:23:43,550 schema ALTER TABLE "blog_inquiry" ALTER COLUMN "notice" TYPE text USING "notice"::text; (params None)
DEBUG 2024-02-07 22:23:43,553 schema ALTER TABLE "blog_inquiry" ALTER COLUMN "price" TYPE varchar(30); (params None)
DEBUG 2024-02-07 22:23:43,561 schema ALTER TABLE "blog_post" ALTER COLUMN "direction" SET NOT NULL; (params None)
DEBUG 2024-02-07 22:23:43,564 schema ALTER TABLE "blog_post" ALTER COLUMN "notice" TYPE text USING "notice"::text; (params None)
DEBUG 2024-02-07 22:23:43,567 schema ALTER TABLE "blog_post" ALTER COLUMN "price" TYPE varchar(30); (params None)
DEBUG 2024-02-07 22:23:43,579 schema ALTER TABLE "blog_inquiry" ALTER COLUMN "direction" DROP NOT NULL; (params None)
DEBUG 2024-02-07 22:23:43,582 schema ALTER TABLE "blog_post" ALTER COLUMN "direction" DROP NOT NULL; (params None)
DEBUG 2024-02-07 22:23:43,586 schema ALTER TABLE "blog_inquiry" ALTER COLUMN "price" TYPE varchar(100); (params None)
DEBUG 2024-02-07 22:23:43,589 schema ALTER TABLE "blog_post" ALTER COLUMN "price" TYPE varchar(100); (params None)
DEBUG 2024-02-07 22:23:43,594 schema ALTER TABLE "blog_inquiry" ALTER COLUMN "email1" SET DEFAULT '', ALTER COLUMN "email1" SET NOT NULL; (params None)
DEBUG 2024-02-07 22:23:43,595 schema ALTER TABLE "blog_inquiry" ALTER COLUMN "email1" DROP DEFAULT; (params None)
DEBUG 2024-02-07 22:23:43,598 schema ALTER TABLE "blog_post" ALTER COLUMN "email1" SET DEFAULT '', ALTER COLUMN "email1" SET NOT NULL; (params None)
DEBUG 2024-02-07 22:23:43,598 schema ALTER TABLE "blog_post" ALTER COLUMN "email1" DROP DEFAULT; (params None)
DEBUG 2024-02-07 22:23:43,603 schema ALTER TABLE "blog_inquiry" ALTER COLUMN "email1" DROP NOT NULL; (params None)
DEBUG 2024-02-07 22:23:43,608 schema ALTER TABLE "blog_post" ALTER COLUMN "email1" DROP NOT NULL; (params None)
DEBUG 2024-02-07 22:23:43,611 schema CREATE TABLE "django_celery_beat_crontabschedule" ("id" integer NOT NULL PRIMARY KEY GENERATED BY DEFAULT AS IDENTITY, "minute" varchar(64) NOT NULL, "hour" varchar(64) NOT NULL, "day_of_week" varchar(64) NOT NULL, "day_of_month" varchar(64) NOT NULL, "month_of_year" varchar(64) NOT NULL); (params None)
DEBUG 2024-02-07 22:23:43,613 schema CREATE TABLE "django_celery_beat_intervalschedule" ("id" integer NOT NULL PRIMARY KEY GENERATED BY DEFAULT AS IDENTITY, "every" integer NOT NULL, "period" varchar(24) NOT NULL); (params None)
DEBUG 2024-02-07 22:23:43,617 schema CREATE TABLE "django_celery_beat_periodictask" ("id" integer NOT NULL PRIMARY KEY GENERATED BY DEFAULT AS IDENTITY, "name" varchar(200) NOT NULL UNIQUE, "task" varchar(200) NOT NULL, "args" text NOT NULL, "kwargs" text NOT NULL, "queue" varchar(200) NULL, "exchange" varchar(200) NULL, "routing_key" varchar(200) NULL, "expires" timestamp with time zone NULL, "enabled" boolean NOT NULL, "last_run_at" timestamp with time zone NULL, "total_run_count" integer NOT NULL CHECK ("total_run_count" >= 0), "date_changed" timestamp with time zone NOT NULL, "description" text NOT NULL, "crontab_id" integer NULL, "interval_id" integer NULL); (params None)
DEBUG 2024-02-07 22:23:43,621 schema CREATE TABLE "django_celery_beat_periodictasks" ("ident" smallint NOT NULL PRIMARY KEY, "last_update" timestamp with time zone NOT NULL); (params None)
DEBUG 2024-02-07 22:23:43,622 schema ALTER TABLE "django_celery_beat_periodictask" ADD CONSTRAINT "django_celery_beat_p_crontab_id_d3cba168_fk_django_ce" FOREIGN KEY ("crontab_id") REFERENCES "django_celery_beat_crontabschedule" ("id") DEFERRABLE INITIALLY DEFERRED; (params None)
DEBUG 2024-02-07 22:23:43,622 schema ALTER TABLE "django_celery_beat_periodictask" ADD CONSTRAINT "django_celery_beat_p_interval_id_a8ca27da_fk_django_ce" FOREIGN KEY ("interval_id") REFERENCES "django_celery_beat_intervalschedule" ("id") DEFERRABLE INITIALLY DEFERRED; (params None)
DEBUG 2024-02-07 22:23:43,623 schema CREATE INDEX "django_celery_beat_periodictask_name_265a36b7_like" ON "django_celery_beat_periodictask" ("name" varchar_pattern_ops); (params None)
DEBUG 2024-02-07 22:23:43,624 schema CREATE INDEX "django_celery_beat_periodictask_crontab_id_d3cba168" ON "django_celery_beat_periodictask" ("crontab_id"); (params None)
DEBUG 2024-02-07 22:23:43,625 schema CREATE INDEX "django_celery_beat_periodictask_interval_id_a8ca27da" ON "django_celery_beat_periodictask" ("interval_id"); (params None)
DEBUG 2024-02-07 22:23:43,646 schema CREATE TABLE "django_celery_beat_solarschedule" ("id" integer NOT NULL PRIMARY KEY GENERATED BY DEFAULT AS IDENTITY, "event" varchar(24) NOT NULL, "latitude" numeric(9, 6) NOT NULL, "longitude" numeric(9, 6) NOT NULL); (params None)
DEBUG 2024-02-07 22:23:43,650 schema ALTER TABLE "django_celery_beat_periodictask" ADD COLUMN "solar_id" integer NULL CONSTRAINT "django_celery_beat_p_solar_id_a87ce72c_fk_django_ce" REFERENCES "django_celery_beat_solarschedule"("id") DEFERRABLE INITIALLY DEFERRED; SET CONSTRAINTS "django_celery_beat_p_solar_id_a87ce72c_fk_django_ce" IMMEDIATE; (params None)
DEBUG 2024-02-07 22:23:43,651 schema CREATE INDEX "django_celery_beat_periodictask_solar_id_a87ce72c" ON "django_celery_beat_periodictask" ("solar_id"); (params None)
DEBUG 2024-02-07 22:23:43,657 schema ALTER TABLE "django_celery_beat_solarschedule" ADD CONSTRAINT "django_celery_beat_solar_event_latitude_longitude_ba64999a_uniq" UNIQUE ("event", "latitude", "longitude"); (params None)
DEBUG 2024-02-07 22:23:43,670 schema ALTER TABLE "django_celery_beat_crontabschedule" ADD COLUMN "timezone" varchar(63) DEFAULT 'UTC' NOT NULL; (params None)
DEBUG 2024-02-07 22:23:43,671 schema ALTER TABLE "django_celery_beat_crontabschedule" ALTER COLUMN "timezone" DROP DEFAULT; (params None)
DEBUG 2024-02-07 22:23:43,674 schema ALTER TABLE "django_celery_beat_crontabschedule" ALTER COLUMN "day_of_month" TYPE varchar(124); (params None)
DEBUG 2024-02-07 22:23:43,676 schema ALTER TABLE "django_celery_beat_crontabschedule" ALTER COLUMN "hour" TYPE varchar(96); (params None)
DEBUG 2024-02-07 22:23:43,679 schema ALTER TABLE "django_celery_beat_crontabschedule" ALTER COLUMN "minute" TYPE varchar(240); (params None)
DEBUG 2024-02-07 22:23:43,685 schema ALTER TABLE "django_celery_beat_periodictask" ADD COLUMN "one_off" boolean DEFAULT false NOT NULL; (params None)
DEBUG 2024-02-07 22:23:43,686 schema ALTER TABLE "django_celery_beat_periodictask" ALTER COLUMN "one_off" DROP DEFAULT; (params None)
DEBUG 2024-02-07 22:23:43,689 schema ALTER TABLE "django_celery_beat_periodictask" ADD COLUMN "start_time" timestamp with time zone NULL; (params None)
DEBUG 2024-02-07 22:23:43,717 schema ALTER TABLE "django_celery_beat_periodictask" ADD COLUMN "priority" integer NULL CHECK ("priority" >= 0); (params None)
DEBUG 2024-02-07 22:23:43,723 schema ALTER TABLE "django_celery_beat_periodictask" ADD COLUMN "headers" text DEFAULT '{}' NOT NULL; (params None)
DEBUG 2024-02-07 22:23:43,723 schema ALTER TABLE "django_celery_beat_periodictask" ALTER COLUMN "headers" DROP DEFAULT; (params None)
DEBUG 2024-02-07 22:23:43,849 schema CREATE TABLE "django_celery_beat_clockedschedule" ("id" integer NOT NULL PRIMARY KEY GENERATED BY DEFAULT AS IDENTITY, "clocked_time" timestamp with time zone NOT NULL, "enabled" boolean NOT NULL); (params None)
DEBUG 2024-02-07 22:23:43,854 schema ALTER TABLE "django_celery_beat_periodictask" ADD COLUMN "clocked_id" integer NULL CONSTRAINT "django_celery_beat_p_clocked_id_47a69f82_fk_django_ce" REFERENCES "django_celery_beat_clockedschedule"("id") DEFERRABLE INITIALLY DEFERRED; SET CONSTRAINTS "django_celery_beat_p_clocked_id_47a69f82_fk_django_ce" IMMEDIATE; (params None)
DEBUG 2024-02-07 22:23:43,855 schema CREATE INDEX "django_celery_beat_periodictask_clocked_id_47a69f82" ON "django_celery_beat_periodictask" ("clocked_id"); (params None)
DEBUG 2024-02-07 22:23:43,861 schema ALTER TABLE "django_celery_beat_periodictask" ADD COLUMN "expire_seconds" integer NULL CHECK ("expire_seconds" >= 0); (params None)
DEBUG 2024-02-07 22:23:43,871 schema ALTER TABLE "django_celery_beat_clockedschedule" DROP COLUMN "enabled" CASCADE; (params None)
DEBUG 2024-02-07 22:23:43,893 schema CREATE TABLE "paypal_ipn" ("id" integer NOT NULL PRIMARY KEY GENERATED BY DEFAULT AS IDENTITY, "business" varchar(127) NOT NULL, "charset" varchar(32) NOT NULL, "custom" varchar(255) NOT NULL, "notify_version" numeric(64, 2) NULL, "parent_txn_id" varchar(19) NOT NULL, "receiver_email" varchar(127) NOT NULL, "receiver_id" varchar(127) NOT NULL, "residence_country" varchar(2) NOT NULL, "test_ipn" boolean NOT NULL, "txn_id" varchar(19) NOT NULL, "txn_type" varchar(128) NOT NULL, "verify_sign" varchar(255) NOT NULL, "address_country" varchar(64) NOT NULL, "address_city" varchar(40) NOT NULL, "address_country_code" varchar(64) NOT NULL, "address_name" varchar(128) NOT NULL, "address_state" varchar(40) NOT NULL, "address_status" varchar(11) NOT NULL, "address_street" varchar(200) NOT NULL, "address_zip" varchar(20) NOT NULL, "contact_phone" varchar(20) NOT NULL, "first_name" varchar(64) NOT NULL, "last_name" varchar(64) NOT NULL, "payer_business_name" varchar(127) NOT NULL, "payer_email" varchar(127) NOT NULL, "payer_id" varchar(13) NOT NULL, "auth_amount" numeric(64, 2) NULL, "auth_exp" varchar(28) NOT NULL, "auth_id" varchar(19) NOT NULL, "auth_status" varchar(9) NOT NULL, "exchange_rate" numeric(64, 16) NULL, "invoice" varchar(127) NOT NULL, "item_name" varchar(127) NOT NULL, "item_number" varchar(127) NOT NULL, "mc_currency" varchar(32) NOT NULL, "mc_fee" numeric(64, 2) NULL, "mc_gross" numeric(64, 2) NULL, "mc_handling" numeric(64, 2) NULL, "mc_shipping" numeric(64, 2) NULL, "memo" varchar(255) NOT NULL, "num_cart_items" integer NULL, "option_name1" varchar(64) NOT NULL, "option_name2" varchar(64) NOT NULL, "payer_status" varchar(10) NOT NULL, "payment_date" timestamp with time zone NULL, "payment_gross" numeric(64, 2) NULL, "payment_status" varchar(17) NOT NULL, "payment_type" varchar(7) NOT NULL, "pending_reason" varchar(14) NOT NULL, "protection_eligibility" varchar(32) NOT NULL, "quantity" integer NULL, "reason_code" varchar(15) NOT NULL, "remaining_settle" numeric(64, 2) NULL, "settle_amount" numeric(64, 2) NULL, "settle_currency" varchar(32) NOT NULL, "shipping" numeric(64, 2) NULL, "shipping_method" varchar(255) NOT NULL, "tax" numeric(64, 2) NULL, "transaction_entity" varchar(7) NOT NULL, "auction_buyer_id" varchar(64) NOT NULL, "auction_closing_date" timestamp with time zone NULL, "auction_multi_item" integer NULL, "for_auction" numeric(64, 2) NULL, "amount" numeric(64, 2) NULL, "amount_per_cycle" numeric(64, 2) NULL, "initial_payment_amount" numeric(64, 2) NULL, "next_payment_date" timestamp with time zone NULL, "outstanding_balance" numeric(64, 2) NULL, "payment_cycle" varchar(32) NOT NULL, "period_type" varchar(32) NOT NULL, "product_name" varchar(128) NOT NULL, "product_type" varchar(128) NOT NULL, "profile_status" varchar(32) NOT NULL, "recurring_payment_id" varchar(128) NOT NULL, "rp_invoice_id" varchar(127) NOT NULL, "time_created" timestamp with time zone NULL, "amount1" numeric(64, 2) NULL, "amount2" numeric(64, 2) NULL, "amount3" numeric(64, 2) NULL, "mc_amount1" numeric(64, 2) NULL, "mc_amount2" numeric(64, 2) NULL, "mc_amount3" numeric(64, 2) NULL, "password" varchar(24) NOT NULL, "period1" varchar(32) NOT NULL, "period2" varchar(32) NOT NULL, "period3" varchar(32) NOT NULL, "reattempt" varchar(1) NOT NULL, "recur_times" integer NULL, "recurring" varchar(1) NOT NULL, "retry_at" timestamp with time zone NULL, "subscr_date" timestamp with time zone NULL, "subscr_effective" timestamp with time zone NULL, "subscr_id" varchar(19) NOT NULL, "username" varchar(64) NOT NULL, "case_creation_date" timestamp with time zone NULL, "case_id" varchar(14) NOT NULL, "case_type" varchar(24) NOT NULL, "receipt_id" varchar(64) NOT NULL, "currency_code" varchar(32) NOT NULL, "handling_amount" numeric(64, 2) NULL, "transaction_subject" varchar(255) NOT NULL, "ipaddress" inet NOT NULL, "flag" boolean NOT NULL, "flag_code" varchar(16) NOT NULL, "flag_info" text NOT NULL, "query" text NOT NULL, "response" text NOT NULL, "created_at" timestamp with time zone NOT NULL, "updated_at" timestamp with time zone NOT NULL, "from_view" varchar(6) NULL); (params None)
DEBUG 2024-02-07 22:23:43,897 schema CREATE INDEX "paypal_ipn_txn_id_8fa22c44" ON "paypal_ipn" ("txn_id"); (params None)
DEBUG 2024-02-07 22:23:43,898 schema CREATE INDEX "paypal_ipn_txn_id_8fa22c44_like" ON "paypal_ipn" ("txn_id" varchar_pattern_ops); (params None)
DEBUG 2024-02-07 22:23:43,905 schema ALTER TABLE "paypal_ipn" ADD COLUMN "mp_id" varchar(128) NULL; (params None)
DEBUG 2024-02-07 22:23:43,910 schema ALTER TABLE "paypal_ipn" ALTER COLUMN "ipaddress" DROP NOT NULL; (params None)
DEBUG 2024-02-07 22:23:43,915 schema ALTER TABLE "paypal_ipn" ALTER COLUMN "address_status" TYPE varchar(255); (params None)
DEBUG 2024-02-07 22:23:43,918 schema ALTER TABLE "paypal_ipn" ALTER COLUMN "auth_status" TYPE varchar(255); (params None)
DEBUG 2024-02-07 22:23:43,922 schema ALTER TABLE "paypal_ipn" ALTER COLUMN "case_id" TYPE varchar(255); (params None)
DEBUG 2024-02-07 22:23:43,925 schema ALTER TABLE "paypal_ipn" ALTER COLUMN "case_type" TYPE varchar(255); (params None)
DEBUG 2024-02-07 22:23:43,928 schema ALTER TABLE "paypal_ipn" ALTER COLUMN "charset" TYPE varchar(255); (params None)
DEBUG 2024-02-07 22:23:43,933 schema ALTER TABLE "paypal_ipn" ALTER COLUMN "payer_status" TYPE varchar(255); (params None)
DEBUG 2024-02-07 22:23:43,936 schema ALTER TABLE "paypal_ipn" ALTER COLUMN "payment_cycle" TYPE varchar(255); (params None)
DEBUG 2024-02-07 22:23:43,939 schema ALTER TABLE "paypal_ipn" ALTER COLUMN "payment_status" TYPE varchar(255); (params None)
DEBUG 2024-02-07 22:23:43,943 schema ALTER TABLE "paypal_ipn" ALTER COLUMN "payment_type" TYPE varchar(255); (params None)
DEBUG 2024-02-07 22:23:43,946 schema ALTER TABLE "paypal_ipn" ALTER COLUMN "pending_reason" TYPE varchar(255); (params None)
DEBUG 2024-02-07 22:23:43,949 schema ALTER TABLE "paypal_ipn" ALTER COLUMN "period1" TYPE varchar(255); (params None)
DEBUG 2024-02-07 22:23:43,952 schema ALTER TABLE "paypal_ipn" ALTER COLUMN "period2" TYPE varchar(255); (params None)
DEBUG 2024-02-07 22:23:43,955 schema ALTER TABLE "paypal_ipn" ALTER COLUMN "period3" TYPE varchar(255); (params None)
DEBUG 2024-02-07 22:23:43,958 schema ALTER TABLE "paypal_ipn" ALTER COLUMN "period_type" TYPE varchar(255); (params None)
DEBUG 2024-02-07 22:23:43,962 schema ALTER TABLE "paypal_ipn" ALTER COLUMN "product_name" TYPE varchar(255); (params None)
DEBUG 2024-02-07 22:23:43,965 schema ALTER TABLE "paypal_ipn" ALTER COLUMN "product_type" TYPE varchar(255); (params None)
DEBUG 2024-02-07 22:23:43,971 schema ALTER TABLE "paypal_ipn" ALTER COLUMN "profile_status" TYPE varchar(255); (params None)
DEBUG 2024-02-07 22:23:43,974 schema ALTER TABLE "paypal_ipn" ALTER COLUMN "protection_eligibility" TYPE varchar(255); (params None)
DEBUG 2024-02-07 22:23:43,977 schema ALTER TABLE "paypal_ipn" ALTER COLUMN "reason_code" TYPE varchar(255); (params None)
DEBUG 2024-02-07 22:23:43,980 schema ALTER TABLE "paypal_ipn" ALTER COLUMN "receipt_id" TYPE varchar(255); (params None)
DEBUG 2024-02-07 22:23:43,983 schema ALTER TABLE "paypal_ipn" ALTER COLUMN "receiver_email" TYPE varchar(254); (params None)
DEBUG 2024-02-07 22:23:43,986 schema ALTER TABLE "paypal_ipn" ALTER COLUMN "receiver_id" TYPE varchar(255); (params None)
DEBUG 2024-02-07 22:23:43,989 schema ALTER TABLE "paypal_ipn" ALTER COLUMN "recurring_payment_id" TYPE varchar(255); (params None)
DEBUG 2024-02-07 22:23:43,993 schema ALTER TABLE "paypal_ipn" ALTER COLUMN "transaction_entity" TYPE varchar(255); (params None)
DEBUG 2024-02-07 22:23:43,996 schema ALTER TABLE "paypal_ipn" ALTER COLUMN "txn_id" TYPE varchar(255); (params None)
DEBUG 2024-02-07 22:23:43,999 schema ALTER TABLE "paypal_ipn" ALTER COLUMN "txn_type" TYPE varchar(255); (params None)
DEBUG 2024-02-07 22:23:44,005 schema ALTER TABLE "paypal_ipn" ALTER COLUMN "custom" TYPE varchar(256); (params None)
DEBUG 2024-02-07 22:23:44,011 schema ALTER TABLE "paypal_ipn" ALTER COLUMN "transaction_subject" TYPE varchar(256); (params None)
DEBUG 2024-02-07 22:23:44,016 schema ALTER TABLE "paypal_ipn" ADD COLUMN "option_selection1" varchar(200) DEFAULT '' NOT NULL; (params None)
DEBUG 2024-02-07 22:23:44,017 schema ALTER TABLE "paypal_ipn" ALTER COLUMN "option_selection1" DROP DEFAULT; (params None)
DEBUG 2024-02-07 22:23:44,020 schema ALTER TABLE "paypal_ipn" ADD COLUMN "option_selection2" varchar(200) DEFAULT '' NOT NULL; (params None)
DEBUG 2024-02-07 22:23:44,020 schema ALTER TABLE "paypal_ipn" ALTER COLUMN "option_selection2" DROP DEFAULT; (params None)
DEBUG 2024-02-07 22:23:44,041 schema ALTER TABLE "paypal_ipn" ALTER COLUMN "id" TYPE bigint USING "id"::bigint; (params None)
DEBUG 2024-02-07 22:23:44,046 schema ALTER SEQUENCE IF EXISTS "paypal_ipn_id_seq" AS bigint; (params None)
DEBUG 2024-02-07 22:23:44,049 schema CREATE TABLE "django_session" ("session_key" varchar(40) NOT NULL PRIMARY KEY, "session_data" text NOT NULL, "expire_date" timestamp with time zone NOT NULL); (params None)
DEBUG 2024-02-07 22:23:44,052 schema CREATE INDEX "django_session_session_key_c0390e0f_like" ON "django_session" ("session_key" varchar_pattern_ops); (params None)
DEBUG 2024-02-07 22:23:44,053 schema CREATE INDEX "django_session_expire_date_a5c62663" ON "django_session" ("expire_date"); (params None)
DEBUG 2024-02-07 22:23:44,056 schema CREATE TABLE "django_site" ("id" integer NOT NULL PRIMARY KEY GENERATED BY DEFAULT AS IDENTITY, "domain" varchar(100) NOT NULL, "name" varchar(50) NOT NULL); (params None)
DEBUG 2024-02-07 22:23:44,061 schema ALTER TABLE "django_site" ADD CONSTRAINT "django_site_domain_a2e37b91_uniq" UNIQUE ("domain"); (params None)
DEBUG 2024-02-07 22:23:44,062 schema CREATE INDEX "django_site_domain_a2e37b91_like" ON "django_site" ("domain" varchar_pattern_ops); (params None)
DEBUG 2024-02-07 22:23:44,070 schema CREATE TABLE "socialaccount_socialaccount" ("id" integer NOT NULL PRIMARY KEY GENERATED BY DEFAULT AS IDENTITY, "provider" varchar(30) NOT NULL, "uid" varchar(191) NOT NULL, "last_login" timestamp with time zone NOT NULL, "date_joined" timestamp with time zone NOT NULL, "extra_data" text NOT NULL, "user_id" integer NOT NULL); (params None)
DEBUG 2024-02-07 22:23:44,074 schema CREATE TABLE "socialaccount_socialapp" ("id" integer NOT NULL PRIMARY KEY GENERATED BY DEFAULT AS IDENTITY, "provider" varchar(30) NOT NULL, "name" varchar(40) NOT NULL, "client_id" varchar(100) NOT NULL, "secret" varchar(100) NOT NULL, "key" varchar(100) NOT NULL); (params None)
DEBUG 2024-02-07 22:23:44,076 schema CREATE TABLE "socialaccount_socialapp_sites" ("id" bigint NOT NULL PRIMARY KEY GENERATED BY DEFAULT AS IDENTITY, "socialapp_id" integer NOT NULL, "site_id" integer NOT NULL); (params None)
DEBUG 2024-02-07 22:23:44,087 schema CREATE TABLE "socialaccount_socialtoken" ("id" integer NOT NULL PRIMARY KEY GENERATED BY DEFAULT AS IDENTITY, "token" text NOT NULL, "token_secret" text NOT NULL, "expires_at" timestamp with time zone NULL, "account_id" integer NOT NULL, "app_id" integer NOT NULL); (params None)
DEBUG 2024-02-07 22:23:44,094 schema ALTER TABLE "socialaccount_socialtoken" ADD CONSTRAINT "socialaccount_socialtoken_app_id_account_id_fca4e0ac_uniq" UNIQUE ("app_id", "account_id"); (params None)
DEBUG 2024-02-07 22:23:44,100 schema ALTER TABLE "socialaccount_socialaccount" ADD CONSTRAINT "socialaccount_socialaccount_provider_uid_fc810c6e_uniq" UNIQUE ("provider", "uid"); (params None)
DEBUG 2024-02-07 22:23:44,101 schema ALTER TABLE "socialaccount_socialaccount" ADD CONSTRAINT "socialaccount_socialaccount_user_id_8146e70c_fk_auth_user_id" FOREIGN KEY ("user_id") REFERENCES "auth_user" ("id") DEFERRABLE INITIALLY DEFERRED; (params None)
DEBUG 2024-02-07 22:23:44,102 schema CREATE INDEX "socialaccount_socialaccount_user_id_8146e70c" ON "socialaccount_socialaccount" ("user_id"); (params None)
DEBUG 2024-02-07 22:23:44,103 schema ALTER TABLE "socialaccount_socialapp_sites" ADD CONSTRAINT "socialaccount_socialapp__socialapp_id_site_id_71a9a768_uniq" UNIQUE ("socialapp_id", "site_id"); (params None)
DEBUG 2024-02-07 22:23:44,105 schema ALTER TABLE "socialaccount_socialapp_sites" ADD CONSTRAINT "socialaccount_social_socialapp_id_97fb6e7d_fk_socialacc" FOREIGN KEY ("socialapp_id") REFERENCES "socialaccount_socialapp" ("id") DEFERRABLE INITIALLY DEFERRED; (params None)
DEBUG 2024-02-07 22:23:44,106 schema ALTER TABLE "socialaccount_socialapp_sites" ADD CONSTRAINT "socialaccount_social_site_id_2579dee5_fk_django_si" FOREIGN KEY ("site_id") REFERENCES "django_site" ("id") DEFERRABLE INITIALLY DEFERRED; (params None)
DEBUG 2024-02-07 22:23:44,106 schema CREATE INDEX "socialaccount_socialapp_sites_socialapp_id_97fb6e7d" ON "socialaccount_socialapp_sites" ("socialapp_id"); (params None)
DEBUG 2024-02-07 22:23:44,107 schema CREATE INDEX "socialaccount_socialapp_sites_site_id_2579dee5" ON "socialaccount_socialapp_sites" ("site_id"); (params None)
DEBUG 2024-02-07 22:23:44,108 schema ALTER TABLE "socialaccount_socialtoken" ADD CONSTRAINT "socialaccount_social_account_id_951f210e_fk_socialacc" FOREIGN KEY ("account_id") REFERENCES "socialaccount_socialaccount" ("id") DEFERRABLE INITIALLY DEFERRED; (params None)
DEBUG 2024-02-07 22:23:44,109 schema ALTER TABLE "socialaccount_socialtoken" ADD CONSTRAINT "socialaccount_social_app_id_636a42d7_fk_socialacc" FOREIGN KEY ("app_id") REFERENCES "socialaccount_socialapp" ("id") DEFERRABLE INITIALLY DEFERRED; (params None)
DEBUG 2024-02-07 22:23:44,110 schema CREATE INDEX "socialaccount_socialtoken_account_id_951f210e" ON "socialaccount_socialtoken" ("account_id"); (params None)
DEBUG 2024-02-07 22:23:44,110 schema CREATE INDEX "socialaccount_socialtoken_app_id_636a42d7" ON "socialaccount_socialtoken" ("app_id"); (params None)
DEBUG 2024-02-07 22:23:44,122 schema ALTER TABLE "socialaccount_socialapp" ALTER COLUMN "client_id" TYPE varchar(191); (params None)
DEBUG 2024-02-07 22:23:44,125 schema ALTER TABLE "socialaccount_socialapp" ALTER COLUMN "key" TYPE varchar(191); (params None)
DEBUG 2024-02-07 22:23:44,128 schema ALTER TABLE "socialaccount_socialapp" ALTER COLUMN "secret" TYPE varchar(191); (params None)
DEBUG 2024-02-07 22:23:44,139 schema ALTER TABLE "socialaccount_socialapp" ADD COLUMN "provider_id" varchar(200) DEFAULT '' NOT NULL; (params None)
DEBUG 2024-02-07 22:23:44,140 schema ALTER TABLE "socialaccount_socialapp" ALTER COLUMN "provider_id" DROP DEFAULT; (params None)
DEBUG 2024-02-07 22:23:44,143 schema ALTER TABLE "socialaccount_socialapp" ADD COLUMN "settings" jsonb DEFAULT '{}' NOT NULL; (params None)
DEBUG 2024-02-07 22:23:44,143 schema ALTER TABLE "socialaccount_socialapp" ALTER COLUMN "settings" DROP DEFAULT; (params None)
DEBUG 2024-02-07 22:23:44,152 schema ALTER TABLE "socialaccount_socialaccount" ALTER COLUMN "provider" TYPE varchar(200); (params None)
DEBUG 2024-02-07 22:23:44,165 schema SET CONSTRAINTS "socialaccount_social_app_id_636a42d7_fk_socialacc" IMMEDIATE; ALTER TABLE "socialaccount_socialtoken" DROP CONSTRAINT "socialaccount_social_app_id_636a42d7_fk_socialacc"; (params None)
DEBUG 2024-02-07 22:23:44,165 schema ALTER TABLE "socialaccount_socialtoken" ALTER COLUMN "app_id" DROP NOT NULL; (params None)
DEBUG 2024-02-07 22:23:44,166 schema ALTER TABLE "socialaccount_socialtoken" ADD CONSTRAINT "socialaccount_social_app_id_636a42d7_fk_socialacc" FOREIGN KEY ("app_id") REFERENCES "socialaccount_socialapp" ("id") DEFERRABLE INITIALLY DEFERRED; (params None)
DEBUG 2024-02-07 22:23:44,174 schema ALTER TABLE "socialaccount_socialaccount" ALTER COLUMN "extra_data" TYPE jsonb USING "extra_data"::jsonb; (params None)
