WARNING 2023-10-12 04:38:58,665 log Not Found: /robots.txt
WARNING 2023-10-12 04:48:41,827 log Not Found: /shop/es/moncler-women-vest-tarn-black/
WARNING 2023-10-12 04:56:22,044 log Not Found: /Core/Skin/Login.aspx
WARNING 2023-10-12 05:25:05,003 log Not Found: /shop/nn/product-category/moncler-vests-menn/
WARNING 2023-10-12 05:28:33,950 log Not Found: /remote/login
WARNING 2023-10-12 05:31:20,025 log Not Found: /.env
WARNING 2023-10-12 05:31:21,298 log Forbidden (Referer checking failed - no Referer.): /
WARNING 2023-10-12 06:26:40,866 log Not Found: /robots.txt
WARNING 2023-10-12 06:26:43,479 log Not Found: /sitemap.xml
WARNING 2023-10-12 06:26:44,814 log Not Found: /.well-known/security.txt
WARNING 2023-10-12 06:30:31,858 log Not Found: /Core/Skin/Login.aspx
WARNING 2023-10-12 06:39:42,734 log Not Found: /wp-admin/css/colors/blue/atomlib.php
WARNING 2023-10-12 07:26:15,415 log Not Found: /ads.txt
ERROR 2023-10-12 07:45:56,012 exception Invalid HTTP_HOST header: '/run/gunicorn.sock:'. The domain name provided is not valid according to RFC 1034/1035.
WARNING 2023-10-12 07:45:56,020 log Bad Request: /
WARNING 2023-10-12 07:47:10,466 log Not Found: /wordpress/
WARNING 2023-10-12 07:47:22,611 log Not Found: /.well-known/traffic-advice
WARNING 2023-10-12 07:52:39,640 log Not Found: /.env
WARNING 2023-10-12 07:52:40,815 log Forbidden (Referer checking failed - no Referer.): /
WARNING 2023-10-12 08:05:02,619 log Not Found: /Core/Skin/Login.aspx
WARNING 2023-10-12 08:19:58,236 log Not Found: /robots.txt
WARNING 2023-10-12 08:23:41,155 log Not Found: /robots.txt
WARNING 2023-10-12 08:31:37,485 log Not Found: /ads.txt
WARNING 2023-10-12 08:32:19,236 log Not Found: /robots.txt
WARNING 2023-10-12 08:59:40,079 log Not Found: /.git/config
WARNING 2023-10-12 09:07:04,918 log Not Found: /.env
WARNING 2023-10-12 09:25:53,591 log Not Found: /robots.txt
WARNING 2023-10-12 09:30:36,828 log Not Found: /shop/ko/product/moncler-coats-women-브레스트-퓨어-컬러-화이트/
WARNING 2023-10-12 09:39:07,587 log Not Found: /Core/Skin/Login.aspx
WARNING 2023-10-12 09:44:54,192 log Not Found: /robots.txt
WARNING 2023-10-12 09:44:55,029 log Not Found: /robots.txt
WARNING 2023-10-12 09:44:55,992 log Not Found: /sitemap.xml
WARNING 2023-10-12 09:44:56,937 log Not Found: /sitemap.xml
WARNING 2023-10-12 09:44:57,775 log Not Found: /sitemapindex.xml
WARNING 2023-10-12 09:44:58,631 log Not Found: /sitemapindex.xml
WARNING 2023-10-12 09:44:59,486 log Not Found: /sitemap-index.xml
WARNING 2023-10-12 09:45:00,374 log Not Found: /sitemap-index.xml
WARNING 2023-10-12 09:45:01,205 log Not Found: /sitemap_index.xml
WARNING 2023-10-12 09:45:02,045 log Not Found: /sitemap_index.xml
WARNING 2023-10-12 09:46:00,350 log Not Found: /.env
WARNING 2023-10-12 09:46:01,654 log Forbidden (Referer checking failed - no Referer.): /
WARNING 2023-10-12 09:54:33,390 log Not Found: /actuator/env
WARNING 2023-10-12 10:01:00,274 log Not Found: /shop/size/s-eu46/
WARNING 2023-10-12 10:01:40,204 log Not Found: /shop/it/product-category/moncler-giacche-uomo/
WARNING 2023-10-12 10:32:28,173 log Not Found: /.well-known/pki-validation/cloud.php
WARNING 2023-10-12 10:32:34,007 log Not Found: /.well-known/acme-challenge/cloud.php
WARNING 2023-10-12 10:32:40,169 log Not Found: /wp-admin/network/cloud.php
WARNING 2023-10-12 10:32:45,762 log Not Found: /cloud.php
WARNING 2023-10-12 10:32:51,128 log Not Found: /cgi-bin/cloud.php
WARNING 2023-10-12 10:32:57,694 log Not Found: /css/cloud.php
WARNING 2023-10-12 10:33:04,050 log Not Found: /wp-admin/user/cloud.php
WARNING 2023-10-12 10:33:09,866 log Not Found: /img/cloud.php
WARNING 2023-10-12 10:33:16,990 log Not Found: /wp-admin/css/colors/coffee/cloud.php
WARNING 2023-10-12 10:33:22,633 log Not Found: /wp-admin/images/cloud.php
WARNING 2023-10-12 10:33:31,036 log Not Found: /images/cloud.php
WARNING 2023-10-12 10:33:36,044 log Not Found: /wp-admin/js/widgets/cloud.php
WARNING 2023-10-12 10:33:43,708 log Not Found: /wp-admin/css/colors/cloud.php
WARNING 2023-10-12 10:33:49,141 log Not Found: /wp-admin/includes/cloud.php
WARNING 2023-10-12 10:33:54,898 log Not Found: /wp-admin/css/colors/blue/cloud.php
WARNING 2023-10-12 10:34:02,006 log Not Found: /wp-admin/cloud.php
WARNING 2023-10-12 10:35:28,459 log Not Found: /.env
WARNING 2023-10-12 10:35:29,697 log Forbidden (Referer checking failed - no Referer.): /
WARNING 2023-10-12 10:39:17,313 log Not Found: /robots.txt
WARNING 2023-10-12 11:12:46,270 log Not Found: /owa/auth/errorFE.aspx
WARNING 2023-10-12 11:12:46,560 log Not Found: /dana-na/nc/nc_gina_ver.txt
WARNING 2023-10-12 11:12:46,563 log Not Found: /dana-cached/hc/HostCheckerInstaller.osx
WARNING 2023-10-12 11:12:46,794 log Not Found: /ecp/Current/exporttool/microsoft.exchange.ediscovery.exporttool.application
WARNING 2023-10-12 11:12:46,896 log Not Found: /Remote
WARNING 2023-10-12 11:12:46,897 log Not Found: /RDWeb
WARNING 2023-10-12 11:12:46,903 log Not Found: /wsman
WARNING 2023-10-12 11:12:47,047 log Not Found: /api/v1
WARNING 2023-10-12 11:12:47,306 log Not Found: /owa/auth/logon.aspx
WARNING 2023-10-12 11:12:47,363 log Not Found: /auth1.html
WARNING 2023-10-12 11:12:47,366 log Not Found: /sslvpnLogin.html
WARNING 2023-10-12 11:12:47,391 log Not Found: /api/sonicos/tfa
WARNING 2023-10-12 11:12:47,392 log Not Found: /auth.html
WARNING 2023-10-12 11:12:47,396 log Not Found: /api/sonicos/auth
WARNING 2023-10-12 11:13:06,369 log Not Found: /Core/Skin/Login.aspx
WARNING 2023-10-12 11:32:33,873 log Not Found: /owa/auth/logon.aspx
WARNING 2023-10-12 11:50:58,697 log Not Found: /robots.txt
WARNING 2023-10-12 11:59:01,302 log Not Found: /robots.txt
WARNING 2023-10-12 11:59:30,614 log Not Found: /robots.txt
WARNING 2023-10-12 12:25:28,941 log Not Found: /.well-known/
WARNING 2023-10-12 12:25:35,760 log Not Found: /.well-known/acme-challenge/
WARNING 2023-10-12 12:25:37,559 log Not Found: /wp-content/uploads/
WARNING 2023-10-12 12:25:39,429 log Not Found: /wp-includes/
WARNING 2023-10-12 12:40:54,607 log Not Found: /apple-touch-icon-precomposed.png
WARNING 2023-10-12 12:40:54,611 log Not Found: /apple-touch-icon.png
WARNING 2023-10-12 12:47:13,274 log Not Found: /Core/Skin/Login.aspx
WARNING 2023-10-12 12:52:56,482 log Not Found: /.env
WARNING 2023-10-12 12:52:57,723 log Forbidden (Referer checking failed - no Referer.): /
WARNING 2023-10-12 13:24:54,880 log Not Found: /robots.txt
WARNING 2023-10-12 13:28:18,380 log Not Found: /robots.txt
WARNING 2023-10-12 13:55:33,914 log Forbidden (CSRF cookie not set.): /inquiry_details/
WARNING 2023-10-12 14:08:42,215 log Not Found: /shop/product/2014-new-moncler-fashion-leisure-womens-down-jackets-green-card/
WARNING 2023-10-12 14:21:21,749 log Not Found: /Core/Skin/Login.aspx
WARNING 2023-10-12 14:24:31,941 log Not Found: /.env
WARNING 2023-10-12 14:24:33,155 log Forbidden (Referer checking failed - no Referer.): /
WARNING 2023-10-12 14:34:39,083 log Not Found: /robots.txt
WARNING 2023-10-12 14:35:45,792 log Not Found: /.well-known/acme-challenge/525QRGT0VCX6TLFOSUGMQTX-FO756H3M
WARNING 2023-10-12 14:35:46,819 log Not Found: /.well-known/acme-challenge/HA2_LCAOWMGDTT0L02308SWV_ZG4S5QN
WARNING 2023-10-12 15:07:39,175 log Forbidden (CSRF cookie not set.): /booking_form_detail/
WARNING 2023-10-12 15:11:36,675 log Not Found: //wp-includes/wlwmanifest.xml
WARNING 2023-10-12 15:11:36,881 log Not Found: //xmlrpc.php
WARNING 2023-10-12 15:11:37,290 log Not Found: //blog/wp-includes/wlwmanifest.xml
WARNING 2023-10-12 15:11:37,526 log Not Found: //web/wp-includes/wlwmanifest.xml
WARNING 2023-10-12 15:11:37,732 log Not Found: //wordpress/wp-includes/wlwmanifest.xml
WARNING 2023-10-12 15:11:37,937 log Not Found: //website/wp-includes/wlwmanifest.xml
WARNING 2023-10-12 15:11:38,143 log Not Found: //wp/wp-includes/wlwmanifest.xml
WARNING 2023-10-12 15:11:38,349 log Not Found: //news/wp-includes/wlwmanifest.xml
WARNING 2023-10-12 15:11:38,555 log Not Found: //2020/wp-includes/wlwmanifest.xml
WARNING 2023-10-12 15:11:38,764 log Not Found: //2019/wp-includes/wlwmanifest.xml
WARNING 2023-10-12 15:11:38,970 log Not Found: //shop/wp-includes/wlwmanifest.xml
WARNING 2023-10-12 15:11:39,176 log Not Found: //wp1/wp-includes/wlwmanifest.xml
WARNING 2023-10-12 15:11:39,382 log Not Found: //test/wp-includes/wlwmanifest.xml
WARNING 2023-10-12 15:11:39,587 log Not Found: //wp2/wp-includes/wlwmanifest.xml
WARNING 2023-10-12 15:11:39,793 log Not Found: //site/wp-includes/wlwmanifest.xml
WARNING 2023-10-12 15:11:39,999 log Not Found: //cms/wp-includes/wlwmanifest.xml
WARNING 2023-10-12 15:11:40,205 log Not Found: //sito/wp-includes/wlwmanifest.xml
WARNING 2023-10-12 15:13:36,645 log Not Found: /.env
WARNING 2023-10-12 15:13:37,307 log Not Found: /core/.env
WARNING 2023-10-12 15:13:38,035 log Not Found: /web/.env
WARNING 2023-10-12 15:13:38,699 log Not Found: /app/.env
WARNING 2023-10-12 15:13:39,474 log Not Found: /laravel/.env
WARNING 2023-10-12 15:13:40,114 log Not Found: /crm/.env
WARNING 2023-10-12 15:13:40,762 log Not Found: /backend/.env
WARNING 2023-10-12 15:13:41,413 log Not Found: /local/.env
WARNING 2023-10-12 15:13:42,692 log Not Found: /application/.env
WARNING 2023-10-12 15:13:45,514 log Not Found: /prod/.env
WARNING 2023-10-12 15:13:46,194 log Not Found: /api/.env
WARNING 2023-10-12 15:13:46,836 log Not Found: /blog/.env
WARNING 2023-10-12 15:13:47,474 log Not Found: /.env.bak
WARNING 2023-10-12 15:13:48,216 log Not Found: /vendor/laravel/.env
WARNING 2023-10-12 15:13:48,858 log Not Found: /vendor/.env
WARNING 2023-10-12 15:13:49,547 log Not Found: /public/.env
WARNING 2023-10-12 15:13:50,228 log Not Found: /apps/.env
WARNING 2023-10-12 15:13:50,906 log Not Found: /app/config/.env
WARNING 2023-10-12 15:13:51,766 log Not Found: /portal/.env
WARNING 2023-10-12 15:13:52,424 log Not Found: /.aws/credentials
WARNING 2023-10-12 15:13:53,070 log Not Found: /phpinfo
WARNING 2023-10-12 15:13:53,731 log Not Found: /_profiler/phpinfo
WARNING 2023-10-12 15:13:54,370 log Not Found: /phpinfo.php
WARNING 2023-10-12 15:13:55,838 log Not Found: /info.php
WARNING 2023-10-12 15:13:56,454 log Not Found: /wp-config.php.orig
WARNING 2023-10-12 15:13:57,127 log Not Found: /wp-config.php
WARNING 2023-10-12 15:13:57,804 log Not Found: /index.php
WARNING 2023-10-12 15:13:58,510 log Not Found: /temp.php
WARNING 2023-10-12 15:13:59,165 log Forbidden (Referer checking failed - no Referer.): /
WARNING 2023-10-12 15:17:05,499 log Not Found: /.env
WARNING 2023-10-12 15:17:06,093 log Forbidden (Referer checking failed - no Referer.): /
WARNING 2023-10-12 15:17:09,153 log Not Found: /.env
WARNING 2023-10-12 15:17:09,779 log Forbidden (Referer checking failed - no Referer.): /
WARNING 2023-10-12 15:24:40,214 log Not Found: /robots.txt
WARNING 2023-10-12 15:40:30,377 log Not Found: /apple-touch-icon-152x152-precomposed.png
WARNING 2023-10-12 15:40:30,404 log Not Found: /apple-touch-icon-152x152.png
WARNING 2023-10-12 15:41:39,665 log Not Found: /robots.txt
WARNING 2023-10-12 15:55:40,265 log Not Found: /Core/Skin/Login.aspx
WARNING 2023-10-12 16:39:43,912 log Not Found: /.env
WARNING 2023-10-12 16:39:45,235 log Forbidden (Referer checking failed - no Referer.): /
WARNING 2023-10-12 17:05:47,396 log Not Found: /.env
WARNING 2023-10-12 17:05:48,612 log Forbidden (Referer checking failed - no Referer.): /
WARNING 2023-10-12 17:18:10,077 log Forbidden (CSRF cookie not set.): /price_detail/
WARNING 2023-10-12 17:29:48,148 log Not Found: /Core/Skin/Login.aspx
WARNING 2023-10-12 17:40:36,520 log Not Found: /shop/product/2014-new-moncler-bresle-euramerican-style-mens-jackets-gray/
WARNING 2023-10-12 17:49:25,500 log Not Found: /robots.txt
WARNING 2023-10-12 17:52:08,609 log Not Found: /ecp/Current/exporttool/microsoft.exchange.ediscovery.exporttool.application
WARNING 2023-10-12 18:01:02,719 log Not Found: /.env
WARNING 2023-10-12 18:01:03,965 log Forbidden (Referer checking failed - no Referer.): /
WARNING 2023-10-12 18:42:48,170 log Not Found: /premium-airport-shuttle-service/
WARNING 2023-10-12 18:47:38,040 log Not Found: /robots.txt
WARNING 2023-10-12 18:51:52,497 log Not Found: /c/
WARNING 2023-10-12 19:04:06,884 log Not Found: /Core/Skin/Login.aspx
WARNING 2023-10-12 19:09:18,227 log Not Found: /.env
WARNING 2023-10-12 19:09:19,506 log Forbidden (Referer checking failed - no Referer.): /
ERROR 2023-10-12 19:24:38,489 log Internal Server Error: /horeb_yhwh/blog/inquiry/2807/change/
Traceback (most recent call last):
  File "/home/ubuntu/github/easygo/venv/lib/python3.10/site-packages/django/db/backends/utils.py", line 89, in _execute
    return self.cursor.execute(sql, params)
  File "/home/ubuntu/github/easygo/venv/lib/python3.10/site-packages/django/db/backends/sqlite3/base.py", line 477, in execute
    return Database.Cursor.execute(self, query, params)
sqlite3.OperationalError: database is locked

The above exception was the direct cause of the following exception:

Traceback (most recent call last):
  File "/home/ubuntu/github/easygo/venv/lib/python3.10/site-packages/django/core/handlers/exception.py", line 56, in inner
    response = get_response(request)
  File "/home/ubuntu/github/easygo/venv/lib/python3.10/site-packages/django/core/handlers/base.py", line 197, in _get_response
    response = wrapped_callback(request, *callback_args, **callback_kwargs)
  File "/home/ubuntu/github/easygo/venv/lib/python3.10/site-packages/django/contrib/admin/options.py", line 683, in wrapper
    return self.admin_site.admin_view(view)(*args, **kwargs)
  File "/home/ubuntu/github/easygo/venv/lib/python3.10/site-packages/django/utils/decorators.py", line 134, in _wrapped_view
    response = view_func(request, *args, **kwargs)
  File "/home/ubuntu/github/easygo/venv/lib/python3.10/site-packages/django/views/decorators/cache.py", line 62, in _wrapped_view_func
    response = view_func(request, *args, **kwargs)
  File "/home/ubuntu/github/easygo/venv/lib/python3.10/site-packages/django/contrib/admin/sites.py", line 242, in inner
    return view(request, *args, **kwargs)
  File "/home/ubuntu/github/easygo/venv/lib/python3.10/site-packages/django/contrib/admin/options.py", line 1889, in change_view
    return self.changeform_view(request, object_id, form_url, extra_context)
  File "/home/ubuntu/github/easygo/venv/lib/python3.10/site-packages/django/utils/decorators.py", line 46, in _wrapper
    return bound_method(*args, **kwargs)
  File "/home/ubuntu/github/easygo/venv/lib/python3.10/site-packages/django/utils/decorators.py", line 134, in _wrapped_view
    response = view_func(request, *args, **kwargs)
  File "/home/ubuntu/github/easygo/venv/lib/python3.10/site-packages/django/contrib/admin/options.py", line 1746, in changeform_view
    return self._changeform_view(request, object_id, form_url, extra_context)
  File "/home/ubuntu/github/easygo/venv/lib/python3.10/site-packages/django/contrib/admin/options.py", line 1798, in _changeform_view
    self.save_model(request, new_object, form, not add)
  File "/home/ubuntu/github/easygo/venv/lib/python3.10/site-packages/django/contrib/admin/options.py", line 1221, in save_model
    obj.save()
  File "/home/ubuntu/github/easygo/venv/lib/python3.10/site-packages/django/db/models/base.py", line 806, in save
    self.save_base(
  File "/home/ubuntu/github/easygo/venv/lib/python3.10/site-packages/django/db/models/base.py", line 857, in save_base
    updated = self._save_table(
  File "/home/ubuntu/github/easygo/venv/lib/python3.10/site-packages/django/db/models/base.py", line 970, in _save_table
    updated = self._do_update(
  File "/home/ubuntu/github/easygo/venv/lib/python3.10/site-packages/django/db/models/base.py", line 1034, in _do_update
    return filtered._update(values) > 0
  File "/home/ubuntu/github/easygo/venv/lib/python3.10/site-packages/django/db/models/query.py", line 885, in _update
    return query.get_compiler(self.db).execute_sql(CURSOR)
  File "/home/ubuntu/github/easygo/venv/lib/python3.10/site-packages/django/db/models/sql/compiler.py", line 1783, in execute_sql
    cursor = super().execute_sql(result_type)
  File "/home/ubuntu/github/easygo/venv/lib/python3.10/site-packages/django/db/models/sql/compiler.py", line 1361, in execute_sql
    cursor.execute(sql, params)
  File "/home/ubuntu/github/easygo/venv/lib/python3.10/site-packages/django/db/backends/utils.py", line 67, in execute
    return self._execute_with_wrappers(
  File "/home/ubuntu/github/easygo/venv/lib/python3.10/site-packages/django/db/backends/utils.py", line 80, in _execute_with_wrappers
    return executor(sql, params, many, context)
  File "/home/ubuntu/github/easygo/venv/lib/python3.10/site-packages/django/db/backends/utils.py", line 84, in _execute
    with self.db.wrap_database_errors:
  File "/home/ubuntu/github/easygo/venv/lib/python3.10/site-packages/django/db/utils.py", line 91, in __exit__
    raise dj_exc_value.with_traceback(traceback) from exc_value
  File "/home/ubuntu/github/easygo/venv/lib/python3.10/site-packages/django/db/backends/utils.py", line 89, in _execute
    return self.cursor.execute(sql, params)
  File "/home/ubuntu/github/easygo/venv/lib/python3.10/site-packages/django/db/backends/sqlite3/base.py", line 477, in execute
    return Database.Cursor.execute(self, query, params)
django.db.utils.OperationalError: database is locked
ERROR 2023-10-12 19:24:41,176 log Internal Server Error: /horeb_yhwh/blog/inquiry/2807/change/
Traceback (most recent call last):
  File "/home/ubuntu/github/easygo/venv/lib/python3.10/site-packages/django/db/backends/utils.py", line 89, in _execute
    return self.cursor.execute(sql, params)
  File "/home/ubuntu/github/easygo/venv/lib/python3.10/site-packages/django/db/backends/sqlite3/base.py", line 477, in execute
    return Database.Cursor.execute(self, query, params)
sqlite3.OperationalError: database is locked

The above exception was the direct cause of the following exception:

Traceback (most recent call last):
  File "/home/ubuntu/github/easygo/venv/lib/python3.10/site-packages/django/core/handlers/exception.py", line 56, in inner
    response = get_response(request)
  File "/home/ubuntu/github/easygo/venv/lib/python3.10/site-packages/django/core/handlers/base.py", line 197, in _get_response
    response = wrapped_callback(request, *callback_args, **callback_kwargs)
  File "/home/ubuntu/github/easygo/venv/lib/python3.10/site-packages/django/contrib/admin/options.py", line 683, in wrapper
    return self.admin_site.admin_view(view)(*args, **kwargs)
  File "/home/ubuntu/github/easygo/venv/lib/python3.10/site-packages/django/utils/decorators.py", line 134, in _wrapped_view
    response = view_func(request, *args, **kwargs)
  File "/home/ubuntu/github/easygo/venv/lib/python3.10/site-packages/django/views/decorators/cache.py", line 62, in _wrapped_view_func
    response = view_func(request, *args, **kwargs)
  File "/home/ubuntu/github/easygo/venv/lib/python3.10/site-packages/django/contrib/admin/sites.py", line 242, in inner
    return view(request, *args, **kwargs)
  File "/home/ubuntu/github/easygo/venv/lib/python3.10/site-packages/django/contrib/admin/options.py", line 1889, in change_view
    return self.changeform_view(request, object_id, form_url, extra_context)
  File "/home/ubuntu/github/easygo/venv/lib/python3.10/site-packages/django/utils/decorators.py", line 46, in _wrapper
    return bound_method(*args, **kwargs)
  File "/home/ubuntu/github/easygo/venv/lib/python3.10/site-packages/django/utils/decorators.py", line 134, in _wrapped_view
    response = view_func(request, *args, **kwargs)
  File "/home/ubuntu/github/easygo/venv/lib/python3.10/site-packages/django/contrib/admin/options.py", line 1746, in changeform_view
    return self._changeform_view(request, object_id, form_url, extra_context)
  File "/home/ubuntu/github/easygo/venv/lib/python3.10/site-packages/django/contrib/admin/options.py", line 1798, in _changeform_view
    self.save_model(request, new_object, form, not add)
  File "/home/ubuntu/github/easygo/venv/lib/python3.10/site-packages/django/contrib/admin/options.py", line 1221, in save_model
    obj.save()
  File "/home/ubuntu/github/easygo/venv/lib/python3.10/site-packages/django/db/models/base.py", line 806, in save
    self.save_base(
  File "/home/ubuntu/github/easygo/venv/lib/python3.10/site-packages/django/db/models/base.py", line 857, in save_base
    updated = self._save_table(
  File "/home/ubuntu/github/easygo/venv/lib/python3.10/site-packages/django/db/models/base.py", line 970, in _save_table
    updated = self._do_update(
  File "/home/ubuntu/github/easygo/venv/lib/python3.10/site-packages/django/db/models/base.py", line 1034, in _do_update
    return filtered._update(values) > 0
  File "/home/ubuntu/github/easygo/venv/lib/python3.10/site-packages/django/db/models/query.py", line 885, in _update
    return query.get_compiler(self.db).execute_sql(CURSOR)
  File "/home/ubuntu/github/easygo/venv/lib/python3.10/site-packages/django/db/models/sql/compiler.py", line 1783, in execute_sql
    cursor = super().execute_sql(result_type)
  File "/home/ubuntu/github/easygo/venv/lib/python3.10/site-packages/django/db/models/sql/compiler.py", line 1361, in execute_sql
    cursor.execute(sql, params)
  File "/home/ubuntu/github/easygo/venv/lib/python3.10/site-packages/django/db/backends/utils.py", line 67, in execute
    return self._execute_with_wrappers(
  File "/home/ubuntu/github/easygo/venv/lib/python3.10/site-packages/django/db/backends/utils.py", line 80, in _execute_with_wrappers
    return executor(sql, params, many, context)
  File "/home/ubuntu/github/easygo/venv/lib/python3.10/site-packages/django/db/backends/utils.py", line 84, in _execute
    with self.db.wrap_database_errors:
  File "/home/ubuntu/github/easygo/venv/lib/python3.10/site-packages/django/db/utils.py", line 91, in __exit__
    raise dj_exc_value.with_traceback(traceback) from exc_value
  File "/home/ubuntu/github/easygo/venv/lib/python3.10/site-packages/django/db/backends/utils.py", line 89, in _execute
    return self.cursor.execute(sql, params)
  File "/home/ubuntu/github/easygo/venv/lib/python3.10/site-packages/django/db/backends/sqlite3/base.py", line 477, in execute
    return Database.Cursor.execute(self, query, params)
django.db.utils.OperationalError: database is locked
WARNING 2023-10-12 19:36:24,556 log Not Found: /robots.txt
WARNING 2023-10-12 19:45:40,756 log Not Found: /ab2g
WARNING 2023-10-12 19:45:41,576 log Not Found: /ab2h
WARNING 2023-10-12 19:45:48,125 log Not Found: /t4
WARNING 2023-10-12 19:53:37,004 log Not Found: /.env
WARNING 2023-10-12 19:53:38,224 log Forbidden (Referer checking failed - no Referer.): /
WARNING 2023-10-12 20:02:32,199 log Not Found: /.well-known/traffic-advice
WARNING 2023-10-12 20:02:52,399 log Not Found: /Public/home/js/check.js
WARNING 2023-10-12 20:27:30,238 log Not Found: /robots.txt
WARNING 2023-10-12 20:38:15,932 log Not Found: /Core/Skin/Login.aspx
WARNING 2023-10-12 21:25:28,132 log Not Found: /robots.txt
WARNING 2023-10-12 22:03:50,400 log Not Found: /.env
WARNING 2023-10-12 22:04:33,205 log Not Found: /wp-content/plugins/core-stab/index.php
WARNING 2023-10-12 22:04:42,652 log Not Found: /wp-content/RxRyszrm.php
WARNING 2023-10-12 22:10:21,333 log Not Found: /contact/
WARNING 2023-10-12 22:10:27,582 log Not Found: /inquiry2/contact/
WARNING 2023-10-12 22:10:28,736 log Not Found: /contact/
WARNING 2023-10-12 22:12:54,697 log Not Found: /Core/Skin/Login.aspx
WARNING 2023-10-12 22:14:56,782 log Not Found: /.well-known/traffic-advice
WARNING 2023-10-12 22:41:41,930 log Not Found: /robots.txt
WARNING 2023-10-12 22:51:37,832 log Not Found: /actuator/health
WARNING 2023-10-12 23:14:45,688 log Not Found: /robots.txt
WARNING 2023-10-12 23:16:02,746 log Not Found: /showLogin.cc
WARNING 2023-10-12 23:46:02,371 log Not Found: /Temporary_Listen_Addresses/
WARNING 2023-10-12 23:47:24,031 log Not Found: /Core/Skin/Login.aspx
WARNING 2023-10-13 00:00:08,232 log Not Found: /robots.txt
WARNING 2023-10-13 00:00:08,864 log Not Found: /robots.txt
WARNING 2023-10-13 00:06:56,687 log Not Found: /th1s_1s_a_4o4.html
WARNING 2023-10-13 00:07:40,539 log Not Found: /airport-transfers-toongabbie/sms:+61406883355
WARNING 2023-10-13 00:07:41,350 log Not Found: /payonline/sms:+61406883355
WARNING 2023-10-13 00:07:42,151 log Not Found: /airport-transfers-st-ives/sms:+61406883355
WARNING 2023-10-13 00:07:42,957 log Not Found: /information/sms:+61406883355
WARNING 2023-10-13 00:07:43,748 log Not Found: /service/sms:+61406883355
WARNING 2023-10-13 00:07:44,546 log Not Found: /airport-transfers-epping/sms:+61406883355
WARNING 2023-10-13 00:07:45,342 log Not Found: /inquiry/sms:+61406883355
WARNING 2023-10-13 00:07:46,133 log Not Found: /inquiry2/sms:+61406883355
WARNING 2023-10-13 00:07:47,006 log Not Found: /airport-transfers-ryde/sms:+61406883355
WARNING 2023-10-13 00:07:48,790 log Not Found: /airport-transfers-blacktown/sms:+61406883355
WARNING 2023-10-13 00:07:49,650 log Not Found: /airport-transfers-parramatta/sms:+61406883355
WARNING 2023-10-13 00:07:50,460 log Not Found: /privacy/sms:+61406883355
WARNING 2023-10-13 00:07:52,907 log Not Found: /p2p/sms:+61406883355
WARNING 2023-10-13 00:07:53,716 log Not Found: /inquiry_details2/sms:+61406883355
WARNING 2023-10-13 00:07:54,515 log Not Found: /meeting_point/sms:+61406883355
WARNING 2023-10-13 00:07:55,309 log Not Found: /booking_form/sms:+61406883355
WARNING 2023-10-13 00:07:56,135 log Not Found: /airport-transfers-hornsby/sms:+61406883355
WARNING 2023-10-13 00:07:56,939 log Not Found: /airport-transfers-chatswood/sms:+61406883355
WARNING 2023-10-13 00:07:57,734 log Not Found: /airport-transfers-thornleigh/sms:+61406883355
WARNING 2023-10-13 00:07:58,523 log Not Found: /terms/sms:+61406883355
WARNING 2023-10-13 00:07:59,318 log Not Found: /home/sms:+61406883355
WARNING 2023-10-13 00:08:00,109 log Not Found: /payonline/tell:+61406883355
WARNING 2023-10-13 00:08:00,912 log Not Found: /inquiry_details/sms:+61406883355
WARNING 2023-10-13 00:08:01,709 log Not Found: /p2p_single/sms:+61406883355
WARNING 2023-10-13 00:08:03,633 log Not Found: /about_us/sms:+61406883355
WARNING 2023-10-13 00:08:12,651 log Not Found: /booking_form_detail/sms:+61406883355
WARNING 2023-10-13 00:08:14,565 log Not Found: /price_detail/sms:+61406883355
WARNING 2023-10-13 00:08:42,435 log Not Found: /inquiry_details1/sms:+61406883355
WARNING 2023-10-13 00:14:44,460 log Not Found: /contact/
WARNING 2023-10-13 00:14:50,777 log Not Found: /inquiry2/contact/
WARNING 2023-10-13 00:14:51,955 log Not Found: /contact/
WARNING 2023-10-13 00:22:01,724 log Not Found: /hornsby/
WARNING 2023-10-13 00:35:20,864 log Not Found: /robots.txt
WARNING 2023-10-13 00:35:22,551 log Not Found: /ads.txt
WARNING 2023-10-13 00:35:56,809 log Not Found: /.env
WARNING 2023-10-13 00:35:58,049 log Forbidden (Referer checking failed - no Referer.): /
WARNING 2023-10-13 00:48:03,250 log Not Found: /robots.txt
WARNING 2023-10-13 00:57:21,089 log Not Found: /ReportServer
WARNING 2023-10-13 01:10:30,370 log Not Found: /showLogin.cc
WARNING 2023-10-13 01:22:29,441 log Not Found: /.env
WARNING 2023-10-13 01:22:30,629 log Forbidden (Referer checking failed - no Referer.): /
WARNING 2023-10-13 01:22:51,098 log Not Found: /Core/Skin/Login.aspx
